{"/home/travis/build/npmtest/node-npmtest-waveform-data/test.js":{"path":"/home/travis/build/npmtest/node-npmtest-waveform-data/test.js","s":{"1":2,"2":2,"3":2,"4":2,"5":2,"6":2,"7":2,"8":1,"9":2,"10":2,"11":1,"12":1,"13":1,"14":1,"15":2,"16":2,"17":2,"18":2,"19":1,"20":1,"21":2,"22":2,"23":2,"24":1,"25":1,"26":1,"27":1,"28":1,"29":1,"30":1,"31":1,"32":1,"33":1,"34":1,"35":1,"36":1,"37":1,"38":1,"39":2,"40":2,"41":1,"42":2,"43":2,"44":1,"45":2,"46":2,"47":1,"48":2,"49":2,"50":1,"51":1,"52":1,"53":1,"54":1},"b":{"1":[2,1,1,1],"2":[1,1,1,1],"3":[1,1],"4":[1,1],"5":[1,1],"6":[1,1],"7":[1,1],"8":[1,1],"9":[1,1],"10":[1,1,1],"11":[1,1],"12":[1,1],"13":[1,1],"14":[1,1],"15":[1,1],"16":[1,1],"17":[1,1]},"f":{"1":2,"2":2,"3":2,"4":2,"5":2,"6":1,"7":1,"8":1,"9":2,"10":2,"11":2,"12":2,"13":1},"fnMap":{"1":{"name":"(anonymous_1)","line":12,"loc":{"start":{"line":12,"column":1},"end":{"line":12,"column":13}}},"2":{"name":"(anonymous_2)","line":19,"loc":{"start":{"line":19,"column":5},"end":{"line":19,"column":17}}},"3":{"name":"(anonymous_3)","line":23,"loc":{"start":{"line":23,"column":24},"end":{"line":23,"column":36}}},"4":{"name":"(anonymous_4)","line":61,"loc":{"start":{"line":61,"column":5},"end":{"line":61,"column":17}}},"5":{"name":"(anonymous_5)","line":82,"loc":{"start":{"line":82,"column":5},"end":{"line":82,"column":17}}},"6":{"name":"(anonymous_6)","line":91,"loc":{"start":{"line":91,"column":77},"end":{"line":94,"column":10}}},"7":{"name":"(anonymous_7)","line":112,"loc":{"start":{"line":112,"column":83},"end":{"line":115,"column":10}},"skip":true},"8":{"name":"(anonymous_8)","line":123,"loc":{"start":{"line":123,"column":77},"end":{"line":126,"column":10}},"skip":true},"9":{"name":"(anonymous_9)","line":139,"loc":{"start":{"line":139,"column":12},"end":{"line":139,"column":40}},"skip":true},"10":{"name":"(anonymous_10)","line":147,"loc":{"start":{"line":147,"column":77},"end":{"line":150,"column":10}},"skip":true},"11":{"name":"(anonymous_11)","line":158,"loc":{"start":{"line":158,"column":83},"end":{"line":161,"column":10}},"skip":true},"12":{"name":"(anonymous_12)","line":169,"loc":{"start":{"line":169,"column":79},"end":{"line":172,"column":10}},"skip":true},"13":{"name":"(anonymous_13)","line":180,"loc":{"start":{"line":180,"column":75},"end":{"line":183,"column":10}},"skip":true}},"statementMap":{"1":{"start":{"line":12,"column":0},"end":{"line":195,"column":5}},"2":{"start":{"line":14,"column":4},"end":{"line":14,"column":14}},"3":{"start":{"line":19,"column":4},"end":{"line":56,"column":9}},"4":{"start":{"line":21,"column":8},"end":{"line":21,"column":19}},"5":{"start":{"line":23,"column":8},"end":{"line":35,"column":13}},"6":{"start":{"line":24,"column":12},"end":{"line":34,"column":13}},"7":{"start":{"line":25,"column":16},"end":{"line":28,"column":30}},"8":{"start":{"line":30,"column":16},"end":{"line":33,"column":27}},"9":{"start":{"line":37,"column":8},"end":{"line":39,"column":21}},"10":{"start":{"line":40,"column":8},"end":{"line":53,"column":9}},"11":{"start":{"line":43,"column":12},"end":{"line":46,"column":14}},"12":{"start":{"line":47,"column":12},"end":{"line":47,"column":18}},"13":{"start":{"line":50,"column":12},"end":{"line":51,"column":33}},"14":{"start":{"line":52,"column":12},"end":{"line":52,"column":18}},"15":{"start":{"line":55,"column":8},"end":{"line":55,"column":35}},"16":{"start":{"line":61,"column":4},"end":{"line":63,"column":9}},"17":{"start":{"line":62,"column":8},"end":{"line":62,"column":15}},"18":{"start":{"line":64,"column":4},"end":{"line":77,"column":5}},"19":{"start":{"line":70,"column":8},"end":{"line":70,"column":14}},"20":{"start":{"line":76,"column":8},"end":{"line":76,"column":14}},"21":{"start":{"line":82,"column":4},"end":{"line":84,"column":9}},"22":{"start":{"line":83,"column":8},"end":{"line":83,"column":15}},"23":{"start":{"line":85,"column":4},"end":{"line":194,"column":5}},"24":{"start":{"line":91,"column":8},"end":{"line":99,"column":10}},"25":{"start":{"line":98,"column":12},"end":{"line":98,"column":35}},"26":{"start":{"line":102,"column":8},"end":{"line":104,"column":63}},"27":{"start":{"line":105,"column":8},"end":{"line":105,"column":14}},"28":{"start":{"line":112,"column":8},"end":{"line":121,"column":10},"skip":true},"29":{"start":{"line":119,"column":12},"end":{"line":119,"column":55},"skip":true},"30":{"start":{"line":120,"column":12},"end":{"line":120,"column":48},"skip":true},"31":{"start":{"line":123,"column":8},"end":{"line":136,"column":10},"skip":true},"32":{"start":{"line":130,"column":12},"end":{"line":130,"column":76},"skip":true},"33":{"start":{"line":131,"column":12},"end":{"line":131,"column":73},"skip":true},"34":{"start":{"line":132,"column":12},"end":{"line":132,"column":74},"skip":true},"35":{"start":{"line":133,"column":12},"end":{"line":133,"column":79},"skip":true},"36":{"start":{"line":134,"column":12},"end":{"line":134,"column":25},"skip":true},"37":{"start":{"line":135,"column":12},"end":{"line":135,"column":45},"skip":true},"38":{"start":{"line":138,"column":8},"end":{"line":145,"column":14},"skip":true},"39":{"start":{"line":143,"column":16},"end":{"line":143,"column":29},"skip":true},"40":{"start":{"line":144,"column":16},"end":{"line":144,"column":55},"skip":true},"41":{"start":{"line":147,"column":8},"end":{"line":156,"column":10},"skip":true},"42":{"start":{"line":154,"column":12},"end":{"line":154,"column":25},"skip":true},"43":{"start":{"line":155,"column":12},"end":{"line":155,"column":45},"skip":true},"44":{"start":{"line":158,"column":8},"end":{"line":167,"column":10},"skip":true},"45":{"start":{"line":165,"column":12},"end":{"line":165,"column":25},"skip":true},"46":{"start":{"line":166,"column":12},"end":{"line":166,"column":48},"skip":true},"47":{"start":{"line":169,"column":8},"end":{"line":178,"column":10},"skip":true},"48":{"start":{"line":176,"column":12},"end":{"line":176,"column":25},"skip":true},"49":{"start":{"line":177,"column":12},"end":{"line":177,"column":46},"skip":true},"50":{"start":{"line":180,"column":8},"end":{"line":189,"column":10},"skip":true},"51":{"start":{"line":187,"column":12},"end":{"line":187,"column":94},"skip":true},"52":{"start":{"line":188,"column":12},"end":{"line":188,"column":48},"skip":true},"53":{"start":{"line":192,"column":8},"end":{"line":192,"column":35},"skip":true},"54":{"start":{"line":193,"column":8},"end":{"line":193,"column":14},"skip":true}},"branchMap":{"1":{"line":25,"type":"binary-expr","locations":[{"start":{"line":25,"column":23},"end":{"line":25,"column":62}},{"start":{"line":26,"column":20},"end":{"line":26,"column":70}},{"start":{"line":27,"column":20},"end":{"line":27,"column":71}},{"start":{"line":28,"column":20},"end":{"line":28,"column":29}}]},"2":{"line":30,"type":"binary-expr","locations":[{"start":{"line":30,"column":23},"end":{"line":30,"column":37}},{"start":{"line":31,"column":20},"end":{"line":31,"column":61}},{"start":{"line":32,"column":20},"end":{"line":32,"column":70}},{"start":{"line":33,"column":20},"end":{"line":33,"column":26}}]},"3":{"line":37,"type":"cond-expr","locations":[{"start":{"line":38,"column":14},"end":{"line":38,"column":20}},{"start":{"line":39,"column":14},"end":{"line":39,"column":20}}]},"4":{"line":40,"type":"switch","locations":[{"start":{"line":42,"column":8},"end":{"line":47,"column":18}},{"start":{"line":49,"column":8},"end":{"line":52,"column":18}}]},"5":{"line":44,"type":"binary-expr","locations":[{"start":{"line":44,"column":16},"end":{"line":44,"column":44}},{"start":{"line":44,"column":48},"end":{"line":44,"column":66}}]},"6":{"line":50,"type":"binary-expr","locations":[{"start":{"line":50,"column":21},"end":{"line":50,"column":49}},{"start":{"line":50,"column":53},"end":{"line":50,"column":72}}]},"7":{"line":64,"type":"switch","locations":[{"start":{"line":69,"column":4},"end":{"line":70,"column":14}},{"start":{"line":75,"column":4},"end":{"line":76,"column":14}}]},"8":{"line":85,"type":"switch","locations":[{"start":{"line":90,"column":4},"end":{"line":105,"column":14}},{"start":{"line":111,"column":4},"end":{"line":193,"column":14},"skip":true}]},"9":{"line":91,"type":"binary-expr","locations":[{"start":{"line":91,"column":42},"end":{"line":91,"column":73}},{"start":{"line":91,"column":77},"end":{"line":99,"column":9}}]},"10":{"line":102,"type":"binary-expr","locations":[{"start":{"line":102,"column":18},"end":{"line":102,"column":32}},{"start":{"line":103,"column":12},"end":{"line":103,"column":53}},{"start":{"line":104,"column":12},"end":{"line":104,"column":61}}]},"11":{"line":112,"type":"binary-expr","locations":[{"start":{"line":112,"column":45},"end":{"line":112,"column":79},"skip":true},{"start":{"line":112,"column":83},"end":{"line":121,"column":9},"skip":true}]},"12":{"line":123,"type":"binary-expr","locations":[{"start":{"line":123,"column":42},"end":{"line":123,"column":73},"skip":true},{"start":{"line":123,"column":77},"end":{"line":136,"column":9},"skip":true}]},"13":{"line":138,"type":"binary-expr","locations":[{"start":{"line":138,"column":48},"end":{"line":138,"column":85},"skip":true},{"start":{"line":139,"column":12},"end":{"line":145,"column":13},"skip":true}]},"14":{"line":147,"type":"binary-expr","locations":[{"start":{"line":147,"column":42},"end":{"line":147,"column":73},"skip":true},{"start":{"line":147,"column":77},"end":{"line":156,"column":9},"skip":true}]},"15":{"line":158,"type":"binary-expr","locations":[{"start":{"line":158,"column":45},"end":{"line":158,"column":79},"skip":true},{"start":{"line":158,"column":83},"end":{"line":167,"column":9},"skip":true}]},"16":{"line":169,"type":"binary-expr","locations":[{"start":{"line":169,"column":43},"end":{"line":169,"column":75},"skip":true},{"start":{"line":169,"column":79},"end":{"line":178,"column":9},"skip":true}]},"17":{"line":180,"type":"binary-expr","locations":[{"start":{"line":180,"column":41},"end":{"line":180,"column":71},"skip":true},{"start":{"line":180,"column":75},"end":{"line":189,"column":9},"skip":true}]}},"code":["/* istanbul instrument in package npmtest_waveform_data */","/*jslint","    bitwise: true,","    browser: true,","    maxerr: 8,","    maxlen: 96,","    node: true,","    nomen: true,","    regexp: true,","    stupid: true","*/","(function () {","    'use strict';","    var local;","","","","    // run shared js-env code - init-before","    (function () {","        // init local","        local = {};","        // init modeJs","        local.modeJs = (function () {","            try {","                return typeof navigator.userAgent === 'string' &&","                    typeof document.querySelector('body') === 'object' &&","                    typeof XMLHttpRequest.prototype.open === 'function' &&","                    'browser';","            } catch (errorCaughtBrowser) {","                return module.exports &&","                    typeof process.versions.node === 'string' &&","                    typeof require('http').createServer === 'function' &&","                    'node';","            }","        }());","        // init global","        local.global = local.modeJs === 'browser'","            ? window","            : global;","        switch (local.modeJs) {","        // re-init local from window.local","        case 'browser':","            local = local.global.utility2.objectSetDefault(","                local.global.utility2_rollup || local.global.local,","                local.global.utility2","            );","            break;","        // re-init local from example.js","        case 'node':","            local = (local.global.utility2_rollup || require('utility2'))","                .requireReadme();","            break;","        }","        // export local","        local.global.local = local;","    }());","","","","    // run shared js-env code - function","    (function () {","        return;","    }());","    switch (local.modeJs) {","","","","    // run browser js-env code - function","    case 'browser':","        break;","","","","    // run node js-env code - function","    case 'node':","        break;","    }","","","","    // run shared js-env code - init-after","    (function () {","        return;","    }());","    switch (local.modeJs) {","","","","    // run browser js-env code - init-after","    case 'browser':","        local.testCase_browser_nullCase = local.testCase_browser_nullCase || function (","            options,","            onError","        ) {","        /*","         * this function will test browsers's null-case handling-behavior-behavior","         */","            onError(null, options);","        };","","        // run tests","        local.nop(local.modeTest &&","            document.querySelector('#testRunButton1') &&","            document.querySelector('#testRunButton1').click());","        break;","","","","    // run node js-env code - init-after","    /* istanbul ignore next */","    case 'node':","        local.testCase_buildApidoc_default = local.testCase_buildApidoc_default || function (","            options,","            onError","        ) {","        /*","         * this function will test buildApidoc's default handling-behavior-behavior","         */","            options = { modulePathList: module.paths };","            local.buildApidoc(options, onError);","        };","","        local.testCase_buildApp_default = local.testCase_buildApp_default || function (","            options,","            onError","        ) {","        /*","         * this function will test buildApp's default handling-behavior-behavior","         */","            local.testCase_buildReadme_default(options, local.onErrorThrow);","            local.testCase_buildLib_default(options, local.onErrorThrow);","            local.testCase_buildTest_default(options, local.onErrorThrow);","            local.testCase_buildCustomOrg_default(options, local.onErrorThrow);","            options = [];","            local.buildApp(options, onError);","        };","","        local.testCase_buildCustomOrg_default = local.testCase_buildCustomOrg_default ||","            function (options, onError) {","            /*","             * this function will test buildCustomOrg's default handling-behavior","             */","                options = {};","                local.buildCustomOrg(options, onError);","            };","","        local.testCase_buildLib_default = local.testCase_buildLib_default || function (","            options,","            onError","        ) {","        /*","         * this function will test buildLib's default handling-behavior","         */","            options = {};","            local.buildLib(options, onError);","        };","","        local.testCase_buildReadme_default = local.testCase_buildReadme_default || function (","            options,","            onError","        ) {","        /*","         * this function will test buildReadme's default handling-behavior-behavior","         */","            options = {};","            local.buildReadme(options, onError);","        };","","        local.testCase_buildTest_default = local.testCase_buildTest_default || function (","            options,","            onError","        ) {","        /*","         * this function will test buildTest's default handling-behavior","         */","            options = {};","            local.buildTest(options, onError);","        };","","        local.testCase_webpage_default = local.testCase_webpage_default || function (","            options,","            onError","        ) {","        /*","         * this function will test webpage's default handling-behavior","         */","            options = { modeCoverageMerge: true, url: local.serverLocalHost + '?modeTest=1' };","            local.browserTest(options, onError);","        };","","        // run test-server","        local.testRunServer(local);","        break;","    }","}());",""],"l":{"12":2,"14":2,"19":2,"21":2,"23":2,"24":2,"25":2,"30":1,"37":2,"40":2,"43":1,"47":1,"50":1,"52":1,"55":2,"61":2,"62":2,"64":2,"70":1,"76":1,"82":2,"83":2,"85":2,"91":1,"98":1,"102":1,"105":1,"112":1,"119":1,"120":1,"123":1,"130":1,"131":1,"132":1,"133":1,"134":1,"135":1,"138":1,"143":2,"144":2,"147":1,"154":2,"155":2,"158":1,"165":2,"166":2,"169":1,"176":2,"177":2,"180":1,"187":1,"188":1,"192":1,"193":1}},"/home/travis/build/npmtest/node-npmtest-waveform-data/lib.npmtest_waveform_data.js":{"path":"/home/travis/build/npmtest/node-npmtest-waveform-data/lib.npmtest_waveform_data.js","s":{"1":2,"2":2,"3":2,"4":2,"5":2,"6":2,"7":2,"8":1,"9":2,"10":2,"11":2,"12":2,"13":1,"14":1,"15":1,"16":1},"b":{"1":[2,1,1,1],"2":[1,1,1,1],"3":[1,1],"4":[2,2],"5":[1,1]},"f":{"1":2,"2":2,"3":2},"fnMap":{"1":{"name":"(anonymous_1)","line":12,"loc":{"start":{"line":12,"column":1},"end":{"line":12,"column":13}}},"2":{"name":"(anonymous_2)","line":19,"loc":{"start":{"line":19,"column":5},"end":{"line":19,"column":17}}},"3":{"name":"(anonymous_3)","line":23,"loc":{"start":{"line":23,"column":24},"end":{"line":23,"column":36}}}},"statementMap":{"1":{"start":{"line":12,"column":0},"end":{"line":53,"column":5}},"2":{"start":{"line":14,"column":4},"end":{"line":14,"column":14}},"3":{"start":{"line":19,"column":4},"end":{"line":52,"column":9}},"4":{"start":{"line":21,"column":8},"end":{"line":21,"column":19}},"5":{"start":{"line":23,"column":8},"end":{"line":35,"column":13}},"6":{"start":{"line":24,"column":12},"end":{"line":34,"column":13}},"7":{"start":{"line":25,"column":16},"end":{"line":28,"column":30}},"8":{"start":{"line":30,"column":16},"end":{"line":33,"column":27}},"9":{"start":{"line":37,"column":8},"end":{"line":39,"column":21}},"10":{"start":{"line":41,"column":8},"end":{"line":41,"column":54}},"11":{"start":{"line":43,"column":8},"end":{"line":43,"column":58}},"12":{"start":{"line":45,"column":8},"end":{"line":51,"column":9}},"13":{"start":{"line":46,"column":12},"end":{"line":46,"column":64}},"14":{"start":{"line":48,"column":12},"end":{"line":48,"column":35}},"15":{"start":{"line":49,"column":12},"end":{"line":49,"column":49}},"16":{"start":{"line":50,"column":12},"end":{"line":50,"column":43}}},"branchMap":{"1":{"line":25,"type":"binary-expr","locations":[{"start":{"line":25,"column":23},"end":{"line":25,"column":62}},{"start":{"line":26,"column":20},"end":{"line":26,"column":70}},{"start":{"line":27,"column":20},"end":{"line":27,"column":71}},{"start":{"line":28,"column":20},"end":{"line":28,"column":29}}]},"2":{"line":30,"type":"binary-expr","locations":[{"start":{"line":30,"column":23},"end":{"line":30,"column":37}},{"start":{"line":31,"column":20},"end":{"line":31,"column":61}},{"start":{"line":32,"column":20},"end":{"line":32,"column":70}},{"start":{"line":33,"column":20},"end":{"line":33,"column":26}}]},"3":{"line":37,"type":"cond-expr","locations":[{"start":{"line":38,"column":14},"end":{"line":38,"column":20}},{"start":{"line":39,"column":14},"end":{"line":39,"column":20}}]},"4":{"line":41,"type":"binary-expr","locations":[{"start":{"line":41,"column":16},"end":{"line":41,"column":44}},{"start":{"line":41,"column":48},"end":{"line":41,"column":53}}]},"5":{"line":45,"type":"if","locations":[{"start":{"line":45,"column":8},"end":{"line":45,"column":8}},{"start":{"line":45,"column":8},"end":{"line":45,"column":8}}]}},"code":["/* istanbul instrument in package npmtest_waveform_data */","/*jslint","    bitwise: true,","    browser: true,","    maxerr: 8,","    maxlen: 96,","    node: true,","    nomen: true,","    regexp: true,","    stupid: true","*/","(function () {","    'use strict';","    var local;","","","","    // run shared js-env code - init-before","    (function () {","        // init local","        local = {};","        // init modeJs","        local.modeJs = (function () {","            try {","                return typeof navigator.userAgent === 'string' &&","                    typeof document.querySelector('body') === 'object' &&","                    typeof XMLHttpRequest.prototype.open === 'function' &&","                    'browser';","            } catch (errorCaughtBrowser) {","                return module.exports &&","                    typeof process.versions.node === 'string' &&","                    typeof require('http').createServer === 'function' &&","                    'node';","            }","        }());","        // init global","        local.global = local.modeJs === 'browser'","            ? window","            : global;","        // init utility2_rollup","        local = local.global.utility2_rollup || local;","        // init lib","        local.local = local.npmtest_waveform_data = local;","        // init exports","        if (local.modeJs === 'browser') {","            local.global.utility2_npmtest_waveform_data = local;","        } else {","            module.exports = local;","            module.exports.__dirname = __dirname;","            module.exports.module = module;","        }","    }());","}());",""],"l":{"12":2,"14":2,"19":2,"21":2,"23":2,"24":2,"25":2,"30":1,"37":2,"41":2,"43":2,"45":2,"46":1,"48":1,"49":1,"50":1}},"/home/travis/build/npmtest/node-npmtest-waveform-data/example.js":{"path":"/home/travis/build/npmtest/node-npmtest-waveform-data/example.js","s":{"1":2,"2":2,"3":2,"4":2,"5":2,"6":2,"7":2,"8":1,"9":2,"10":2,"11":2,"12":2,"13":1,"14":2,"15":2,"16":2,"17":2,"18":2,"19":0,"20":2,"21":1,"22":1,"23":1,"24":1,"25":1,"26":0,"27":0,"28":1,"29":1,"30":2,"31":0,"32":0,"33":0,"34":1,"35":2,"36":2,"37":3,"38":3,"39":3,"40":3,"41":0,"42":3,"43":3,"44":3,"45":1,"46":3,"47":1,"48":1,"49":1,"50":1,"51":1,"52":1,"53":1,"54":1,"55":1,"56":1,"57":0,"58":1,"59":6,"60":6,"61":1,"62":2,"63":0,"64":2,"65":1,"66":1,"67":0,"68":0,"69":0,"70":0,"71":0,"72":0,"73":0,"74":0,"75":0,"76":0,"77":0,"78":0,"79":0,"80":0,"81":0,"82":0,"83":0},"b":{"1":[2,1,1,1],"2":[1,1,1,1],"3":[1,1],"4":[2,2],"5":[1,1],"6":[1,1],"7":[2,0],"8":[2,1,1,1,1,1],"9":[0,2,0],"10":[1,1],"11":[2,1,1],"12":[1,0],"13":[0,2],"14":[2,0,0,0,0,0,0],"15":[0,3],"16":[3,0],"17":[1,1],"18":[0,1],"19":[1,2,0,2],"20":[1,0],"21":[1,1],"22":[0,0],"23":[0,0],"24":[0,0],"25":[0,0],"26":[0,0],"27":[0,0],"28":[0,0]},"f":{"1":2,"2":2,"3":2,"4":2,"5":2,"6":2,"7":3,"8":3,"9":3,"10":1,"11":6,"12":0},"fnMap":{"1":{"name":"(anonymous_1)","line":26,"loc":{"start":{"line":26,"column":1},"end":{"line":26,"column":13}}},"2":{"name":"(anonymous_2)","line":33,"loc":{"start":{"line":33,"column":5},"end":{"line":33,"column":17}}},"3":{"name":"(anonymous_3)","line":37,"loc":{"start":{"line":37,"column":24},"end":{"line":37,"column":36}}},"4":{"name":"(anonymous_4)","line":69,"loc":{"start":{"line":69,"column":31},"end":{"line":69,"column":48}},"skip":true},"5":{"name":"(anonymous_5)","line":78,"loc":{"start":{"line":78,"column":26},"end":{"line":78,"column":45}},"skip":true},"6":{"name":"(anonymous_6)","line":123,"loc":{"start":{"line":123,"column":33},"end":{"line":123,"column":48}},"skip":true},"7":{"name":"(anonymous_7)","line":125,"loc":{"start":{"line":125,"column":27},"end":{"line":125,"column":39}},"skip":true},"8":{"name":"(anonymous_8)","line":133,"loc":{"start":{"line":133,"column":59},"end":{"line":133,"column":74}},"skip":true},"9":{"name":"(anonymous_9)","line":143,"loc":{"start":{"line":143,"column":45},"end":{"line":143,"column":62}},"skip":true},"10":{"name":"(anonymous_10)","line":144,"loc":{"start":{"line":144,"column":73},"end":{"line":144,"column":92}},"skip":true},"11":{"name":"(anonymous_11)","line":272,"loc":{"start":{"line":272,"column":51},"end":{"line":272,"column":77}},"skip":true},"12":{"name":"(anonymous_12)","line":315,"loc":{"start":{"line":315,"column":32},"end":{"line":315,"column":61}},"skip":true}},"statementMap":{"1":{"start":{"line":26,"column":0},"end":{"line":326,"column":5}},"2":{"start":{"line":28,"column":4},"end":{"line":28,"column":14}},"3":{"start":{"line":33,"column":4},"end":{"line":60,"column":9}},"4":{"start":{"line":35,"column":8},"end":{"line":35,"column":19}},"5":{"start":{"line":37,"column":8},"end":{"line":49,"column":13}},"6":{"start":{"line":38,"column":12},"end":{"line":48,"column":13}},"7":{"start":{"line":39,"column":16},"end":{"line":42,"column":30}},"8":{"start":{"line":44,"column":16},"end":{"line":47,"column":27}},"9":{"start":{"line":51,"column":8},"end":{"line":53,"column":21}},"10":{"start":{"line":55,"column":8},"end":{"line":57,"column":45}},"11":{"start":{"line":59,"column":8},"end":{"line":59,"column":35}},"12":{"start":{"line":61,"column":4},"end":{"line":325,"column":5}},"13":{"start":{"line":69,"column":8},"end":{"line":121,"column":10},"skip":true},"14":{"start":{"line":70,"column":12},"end":{"line":88,"column":13},"skip":true},"15":{"start":{"line":76,"column":16},"end":{"line":87,"column":19},"skip":true},"16":{"start":{"line":79,"column":20},"end":{"line":86,"column":21},"skip":true},"17":{"start":{"line":82,"column":24},"end":{"line":82,"column":43},"skip":true},"18":{"start":{"line":83,"column":24},"end":{"line":83,"column":30},"skip":true},"19":{"start":{"line":85,"column":24},"end":{"line":85,"column":49},"skip":true},"20":{"start":{"line":89,"column":12},"end":{"line":107,"column":13},"skip":true},"21":{"start":{"line":92,"column":16},"end":{"line":102,"column":17},"skip":true},"22":{"start":{"line":93,"column":20},"end":{"line":93,"column":86},"skip":true},"23":{"start":{"line":94,"column":20},"end":{"line":95,"column":45},"skip":true},"24":{"start":{"line":96,"column":20},"end":{"line":96,"column":42},"skip":true},"25":{"start":{"line":97,"column":20},"end":{"line":97,"column":48},"skip":true},"26":{"start":{"line":100,"column":20},"end":{"line":100,"column":85},"skip":true},"27":{"start":{"line":101,"column":20},"end":{"line":101,"column":96},"skip":true},"28":{"start":{"line":103,"column":16},"end":{"line":103,"column":22},"skip":true},"29":{"start":{"line":106,"column":16},"end":{"line":106,"column":22},"skip":true},"30":{"start":{"line":108,"column":12},"end":{"line":120,"column":13},"skip":true},"31":{"start":{"line":114,"column":16},"end":{"line":119,"column":17},"skip":true},"32":{"start":{"line":116,"column":20},"end":{"line":116,"column":78},"skip":true},"33":{"start":{"line":118,"column":20},"end":{"line":118,"column":47},"skip":true},"34":{"start":{"line":123,"column":8},"end":{"line":141,"column":11},"skip":true},"35":{"start":{"line":124,"column":12},"end":{"line":124,"column":54},"skip":true},"36":{"start":{"line":125,"column":12},"end":{"line":140,"column":14},"skip":true},"37":{"start":{"line":126,"column":16},"end":{"line":126,"column":28},"skip":true},"38":{"start":{"line":127,"column":16},"end":{"line":127,"column":69},"skip":true},"39":{"start":{"line":128,"column":16},"end":{"line":128,"column":75},"skip":true},"40":{"start":{"line":129,"column":16},"end":{"line":131,"column":17},"skip":true},"41":{"start":{"line":130,"column":20},"end":{"line":130,"column":27},"skip":true},"42":{"start":{"line":133,"column":16},"end":{"line":137,"column":36},"skip":true},"43":{"start":{"line":134,"column":20},"end":{"line":136,"column":55},"skip":true},"44":{"start":{"line":139,"column":16},"end":{"line":139,"column":57},"skip":true},"45":{"start":{"line":143,"column":8},"end":{"line":147,"column":11},"skip":true},"46":{"start":{"line":144,"column":12},"end":{"line":146,"column":15},"skip":true},"47":{"start":{"line":145,"column":16},"end":{"line":145,"column":70},"skip":true},"48":{"start":{"line":149,"column":8},"end":{"line":149,"column":31},"skip":true},"49":{"start":{"line":150,"column":8},"end":{"line":150,"column":14},"skip":true},"50":{"start":{"line":158,"column":8},"end":{"line":158,"column":31},"skip":true},"51":{"start":{"line":160,"column":8},"end":{"line":160,"column":33},"skip":true},"52":{"start":{"line":161,"column":8},"end":{"line":161,"column":37},"skip":true},"53":{"start":{"line":162,"column":8},"end":{"line":162,"column":35},"skip":true},"54":{"start":{"line":164,"column":8},"end":{"line":164,"column":50},"skip":true},"55":{"start":{"line":166,"column":8},"end":{"line":256,"column":2},"skip":true},"56":{"start":{"line":258,"column":8},"end":{"line":286,"column":9},"skip":true},"57":{"start":{"line":259,"column":12},"end":{"line":269,"column":14},"skip":true},"58":{"start":{"line":271,"column":12},"end":{"line":285,"column":19},"skip":true},"59":{"start":{"line":274,"column":20},"end":{"line":274,"column":35},"skip":true},"60":{"start":{"line":275,"column":20},"end":{"line":284,"column":21},"skip":true},"61":{"start":{"line":277,"column":24},"end":{"line":277,"column":64},"skip":true},"62":{"start":{"line":279,"column":24},"end":{"line":279,"column":40},"skip":true},"63":{"start":{"line":281,"column":24},"end":{"line":281,"column":40},"skip":true},"64":{"start":{"line":283,"column":24},"end":{"line":283,"column":39},"skip":true},"65":{"start":{"line":288,"column":8},"end":{"line":290,"column":9},"skip":true},"66":{"start":{"line":289,"column":12},"end":{"line":289,"column":18},"skip":true},"67":{"start":{"line":291,"column":8},"end":{"line":293,"column":54},"skip":true},"68":{"start":{"line":296,"column":8},"end":{"line":301,"column":37},"skip":true},"69":{"start":{"line":303,"column":8},"end":{"line":303,"column":82},"skip":true},"70":{"start":{"line":306,"column":8},"end":{"line":308,"column":9},"skip":true},"71":{"start":{"line":307,"column":12},"end":{"line":307,"column":82},"skip":true},"72":{"start":{"line":310,"column":8},"end":{"line":312,"column":9},"skip":true},"73":{"start":{"line":311,"column":12},"end":{"line":311,"column":18},"skip":true},"74":{"start":{"line":313,"column":8},"end":{"line":313,"column":54},"skip":true},"75":{"start":{"line":314,"column":8},"end":{"line":314,"column":69},"skip":true},"76":{"start":{"line":315,"column":8},"end":{"line":323,"column":36},"skip":true},"77":{"start":{"line":316,"column":12},"end":{"line":316,"column":61},"skip":true},"78":{"start":{"line":317,"column":12},"end":{"line":320,"column":13},"skip":true},"79":{"start":{"line":318,"column":16},"end":{"line":318,"column":75},"skip":true},"80":{"start":{"line":319,"column":16},"end":{"line":319,"column":23},"skip":true},"81":{"start":{"line":321,"column":12},"end":{"line":321,"column":38},"skip":true},"82":{"start":{"line":322,"column":12},"end":{"line":322,"column":27},"skip":true},"83":{"start":{"line":324,"column":8},"end":{"line":324,"column":14},"skip":true}},"branchMap":{"1":{"line":39,"type":"binary-expr","locations":[{"start":{"line":39,"column":23},"end":{"line":39,"column":62}},{"start":{"line":40,"column":20},"end":{"line":40,"column":70}},{"start":{"line":41,"column":20},"end":{"line":41,"column":71}},{"start":{"line":42,"column":20},"end":{"line":42,"column":29}}]},"2":{"line":44,"type":"binary-expr","locations":[{"start":{"line":44,"column":23},"end":{"line":44,"column":37}},{"start":{"line":45,"column":20},"end":{"line":45,"column":61}},{"start":{"line":46,"column":20},"end":{"line":46,"column":70}},{"start":{"line":47,"column":20},"end":{"line":47,"column":26}}]},"3":{"line":51,"type":"cond-expr","locations":[{"start":{"line":52,"column":14},"end":{"line":52,"column":20}},{"start":{"line":53,"column":14},"end":{"line":53,"column":20}}]},"4":{"line":55,"type":"binary-expr","locations":[{"start":{"line":55,"column":16},"end":{"line":55,"column":44}},{"start":{"line":55,"column":49},"end":{"line":57,"column":43}}]},"5":{"line":55,"type":"cond-expr","locations":[{"start":{"line":56,"column":14},"end":{"line":56,"column":57}},{"start":{"line":57,"column":14},"end":{"line":57,"column":43}}]},"6":{"line":61,"type":"switch","locations":[{"start":{"line":68,"column":4},"end":{"line":150,"column":14},"skip":true},{"start":{"line":156,"column":4},"end":{"line":324,"column":14},"skip":true}]},"7":{"line":70,"type":"if","locations":[{"start":{"line":70,"column":12},"end":{"line":70,"column":12},"skip":true},{"start":{"line":70,"column":12},"end":{"line":70,"column":12},"skip":true}]},"8":{"line":70,"type":"binary-expr","locations":[{"start":{"line":70,"column":16},"end":{"line":70,"column":22},"skip":true},{"start":{"line":70,"column":27},"end":{"line":70,"column":32},"skip":true},{"start":{"line":71,"column":20},"end":{"line":71,"column":39},"skip":true},{"start":{"line":72,"column":20},"end":{"line":72,"column":49},"skip":true},{"start":{"line":73,"column":20},"end":{"line":73,"column":58},"skip":true},{"start":{"line":74,"column":20},"end":{"line":74,"column":69},"skip":true}]},"9":{"line":79,"type":"switch","locations":[{"start":{"line":80,"column":20},"end":{"line":80,"column":33},"skip":true},{"start":{"line":81,"column":20},"end":{"line":83,"column":30},"skip":true},{"start":{"line":84,"column":20},"end":{"line":85,"column":49},"skip":true}]},"10":{"line":89,"type":"switch","locations":[{"start":{"line":90,"column":12},"end":{"line":103,"column":22},"skip":true},{"start":{"line":105,"column":12},"end":{"line":106,"column":22},"skip":true}]},"11":{"line":89,"type":"binary-expr","locations":[{"start":{"line":89,"column":20},"end":{"line":89,"column":25},"skip":true},{"start":{"line":89,"column":29},"end":{"line":89,"column":48},"skip":true},{"start":{"line":89,"column":52},"end":{"line":89,"column":74},"skip":true}]},"12":{"line":92,"type":"if","locations":[{"start":{"line":92,"column":16},"end":{"line":92,"column":16},"skip":true},{"start":{"line":92,"column":16},"end":{"line":92,"column":16},"skip":true}]},"13":{"line":108,"type":"if","locations":[{"start":{"line":108,"column":12},"end":{"line":108,"column":12},"skip":true},{"start":{"line":108,"column":12},"end":{"line":108,"column":12},"skip":true}]},"14":{"line":108,"type":"binary-expr","locations":[{"start":{"line":108,"column":16},"end":{"line":108,"column":61},"skip":true},{"start":{"line":108,"column":66},"end":{"line":108,"column":72},"skip":true},{"start":{"line":108,"column":77},"end":{"line":108,"column":82},"skip":true},{"start":{"line":109,"column":20},"end":{"line":109,"column":39},"skip":true},{"start":{"line":110,"column":20},"end":{"line":110,"column":49},"skip":true},{"start":{"line":111,"column":20},"end":{"line":111,"column":58},"skip":true},{"start":{"line":112,"column":20},"end":{"line":112,"column":68},"skip":true}]},"15":{"line":129,"type":"if","locations":[{"start":{"line":129,"column":16},"end":{"line":129,"column":16},"skip":true},{"start":{"line":129,"column":16},"end":{"line":129,"column":16},"skip":true}]},"16":{"line":134,"type":"cond-expr","locations":[{"start":{"line":135,"column":26},"end":{"line":135,"column":29},"skip":true},{"start":{"line":136,"column":26},"end":{"line":136,"column":54},"skip":true}]},"17":{"line":164,"type":"binary-expr","locations":[{"start":{"line":164,"column":27},"end":{"line":164,"column":43},"skip":true},{"start":{"line":164,"column":47},"end":{"line":164,"column":49},"skip":true}]},"18":{"line":258,"type":"if","locations":[{"start":{"line":258,"column":8},"end":{"line":258,"column":8},"skip":true},{"start":{"line":258,"column":8},"end":{"line":258,"column":8},"skip":true}]},"19":{"line":275,"type":"switch","locations":[{"start":{"line":276,"column":20},"end":{"line":277,"column":64},"skip":true},{"start":{"line":278,"column":20},"end":{"line":279,"column":40},"skip":true},{"start":{"line":280,"column":20},"end":{"line":281,"column":40},"skip":true},{"start":{"line":282,"column":20},"end":{"line":283,"column":39},"skip":true}]},"20":{"line":288,"type":"if","locations":[{"start":{"line":288,"column":8},"end":{"line":288,"column":8},"skip":true},{"start":{"line":288,"column":8},"end":{"line":288,"column":8},"skip":true}]},"21":{"line":288,"type":"binary-expr","locations":[{"start":{"line":288,"column":12},"end":{"line":288,"column":40},"skip":true},{"start":{"line":288,"column":44},"end":{"line":288,"column":67},"skip":true}]},"22":{"line":292,"type":"binary-expr","locations":[{"start":{"line":292,"column":12},"end":{"line":292,"column":50},"skip":true},{"start":{"line":293,"column":12},"end":{"line":293,"column":53},"skip":true}]},"23":{"line":297,"type":"binary-expr","locations":[{"start":{"line":297,"column":12},"end":{"line":297,"column":71},"skip":true},{"start":{"line":298,"column":12},"end":{"line":301,"column":36},"skip":true}]},"24":{"line":303,"type":"binary-expr","locations":[{"start":{"line":303,"column":43},"end":{"line":303,"column":75},"skip":true},{"start":{"line":303,"column":79},"end":{"line":303,"column":81},"skip":true}]},"25":{"line":306,"type":"if","locations":[{"start":{"line":306,"column":8},"end":{"line":306,"column":8},"skip":true},{"start":{"line":306,"column":8},"end":{"line":306,"column":8},"skip":true}]},"26":{"line":310,"type":"if","locations":[{"start":{"line":310,"column":8},"end":{"line":310,"column":8},"skip":true},{"start":{"line":310,"column":8},"end":{"line":310,"column":8},"skip":true}]},"27":{"line":313,"type":"binary-expr","locations":[{"start":{"line":313,"column":27},"end":{"line":313,"column":43},"skip":true},{"start":{"line":313,"column":47},"end":{"line":313,"column":53},"skip":true}]},"28":{"line":317,"type":"if","locations":[{"start":{"line":317,"column":12},"end":{"line":317,"column":12},"skip":true},{"start":{"line":317,"column":12},"end":{"line":317,"column":12},"skip":true}]}},"code":["/*","example.js","","quickstart example","","instruction","    1. save this script as example.js","    2. run the shell command:","        $ npm install npmtest-waveform-data && PORT=8081 node example.js","    3. play with the browser-demo on http://127.0.0.1:8081","*/","","","","/* istanbul instrument in package npmtest_waveform_data */","/*jslint","    bitwise: true,","    browser: true,","    maxerr: 8,","    maxlen: 96,","    node: true,","    nomen: true,","    regexp: true,","    stupid: true","*/","(function () {","    'use strict';","    var local;","","","","    // run shared js-env code - init-before","    (function () {","        // init local","        local = {};","        // init modeJs","        local.modeJs = (function () {","            try {","                return typeof navigator.userAgent === 'string' &&","                    typeof document.querySelector('body') === 'object' &&","                    typeof XMLHttpRequest.prototype.open === 'function' &&","                    'browser';","            } catch (errorCaughtBrowser) {","                return module.exports &&","                    typeof process.versions.node === 'string' &&","                    typeof require('http').createServer === 'function' &&","                    'node';","            }","        }());","        // init global","        local.global = local.modeJs === 'browser'","            ? window","            : global;","        // init utility2_rollup","        local = local.global.utility2_rollup || (local.modeJs === 'browser'","            ? local.global.utility2_npmtest_waveform_data","            : global.utility2_moduleExports);","        // export local","        local.global.local = local;","    }());","    switch (local.modeJs) {","","","","    // init-after","    // run browser js-env code - init-after","    /* istanbul ignore next */","    case 'browser':","        local.testRunBrowser = function (event) {","            if (!event || (event &&","                    event.currentTarget &&","                    event.currentTarget.className &&","                    event.currentTarget.className.includes &&","                    event.currentTarget.className.includes('onreset'))) {","                // reset output","                Array.from(","                    document.querySelectorAll('body > .resettable')","                ).forEach(function (element) {","                    switch (element.tagName) {","                    case 'INPUT':","                    case 'TEXTAREA':","                        element.value = '';","                        break;","                    default:","                        element.textContent = '';","                    }","                });","            }","            switch (event && event.currentTarget && event.currentTarget.id) {","            case 'testRunButton1':","                // show tests","                if (document.querySelector('#testReportDiv1').style.display === 'none') {","                    document.querySelector('#testReportDiv1').style.display = 'block';","                    document.querySelector('#testRunButton1').textContent =","                        'hide internal test';","                    local.modeTest = true;","                    local.testRunDefault(local);","                // hide tests","                } else {","                    document.querySelector('#testReportDiv1').style.display = 'none';","                    document.querySelector('#testRunButton1').textContent = 'run internal test';","                }","                break;","            // custom-case","            default:","                break;","            }","            if (document.querySelector('#inputTextareaEval1') && (!event || (event &&","                    event.currentTarget &&","                    event.currentTarget.className &&","                    event.currentTarget.className.includes &&","                    event.currentTarget.className.includes('oneval')))) {","                // try to eval input-code","                try {","                    /*jslint evil: true*/","                    eval(document.querySelector('#inputTextareaEval1').value);","                } catch (errorCaught) {","                    console.error(errorCaught);","                }","            }","        };","        // log stderr and stdout to #outputTextareaStdout1","        ['error', 'log'].forEach(function (key) {","            console[key + '_original'] = console[key];","            console[key] = function () {","                var element;","                console[key + '_original'].apply(console, arguments);","                element = document.querySelector('#outputTextareaStdout1');","                if (!element) {","                    return;","                }","                // append text to #outputTextareaStdout1","                element.value += Array.from(arguments).map(function (arg) {","                    return typeof arg === 'string'","                        ? arg","                        : JSON.stringify(arg, null, 4);","                }).join(' ') + '\\n';","                // scroll textarea to bottom","                element.scrollTop = element.scrollHeight;","            };","        });","        // init event-handling","        ['change', 'click', 'keyup'].forEach(function (event) {","            Array.from(document.querySelectorAll('.on' + event)).forEach(function (element) {","                element.addEventListener(event, local.testRunBrowser);","            });","        });","        // run tests","        local.testRunBrowser();","        break;","","","","    // run node js-env code - init-after","    /* istanbul ignore next */","    case 'node':","        // export local","        module.exports = local;","        // require modules","        local.fs = require('fs');","        local.http = require('http');","        local.url = require('url');","        // init assets","        local.assetsDict = local.assetsDict || {};","        /* jslint-ignore-begin */","        local.assetsDict['/assets.index.template.html'] = '\\","<!doctype html>\\n\\","<html lang=\"en\">\\n\\","<head>\\n\\","<meta charset=\"UTF-8\">\\n\\","<meta name=\"viewport\" content=\"width=device-width, initial-scale=1\">\\n\\","<title>{{env.npm_package_name}} (v{{env.npm_package_version}})</title>\\n\\","<style>\\n\\","/*csslint\\n\\","    box-sizing: false,\\n\\","    universal-selector: false\\n\\","*/\\n\\","* {\\n\\","    box-sizing: border-box;\\n\\","}\\n\\","body {\\n\\","    background: #dde;\\n\\","    font-family: Arial, Helvetica, sans-serif;\\n\\","    margin: 2rem;\\n\\","}\\n\\","body > * {\\n\\","    margin-bottom: 1rem;\\n\\","}\\n\\",".utility2FooterDiv {\\n\\","    margin-top: 20px;\\n\\","    text-align: center;\\n\\","}\\n\\","</style>\\n\\","<style>\\n\\","/*csslint\\n\\","*/\\n\\","textarea {\\n\\","    font-family: monospace;\\n\\","    height: 10rem;\\n\\","    width: 100%;\\n\\","}\\n\\","textarea[readonly] {\\n\\","    background: #ddd;\\n\\","}\\n\\","</style>\\n\\","</head>\\n\\","<body>\\n\\","<!-- utility2-comment\\n\\","<div id=\"ajaxProgressDiv1\" style=\"background: #d00; height: 2px; left: 0; margin: 0; padding: 0; position: fixed; top: 0; transition: background 0.5s, width 1.5s; width: 25%;\"></div>\\n\\","utility2-comment -->\\n\\","<h1>\\n\\","<!-- utility2-comment\\n\\","    <a\\n\\","        {{#if env.npm_package_homepage}}\\n\\","        href=\"{{env.npm_package_homepage}}\"\\n\\","        {{/if env.npm_package_homepage}}\\n\\","        target=\"_blank\"\\n\\","    >\\n\\","utility2-comment -->\\n\\","        {{env.npm_package_name}} (v{{env.npm_package_version}})\\n\\","<!-- utility2-comment\\n\\","    </a>\\n\\","utility2-comment -->\\n\\","</h1>\\n\\","<h3>{{env.npm_package_description}}</h3>\\n\\","<!-- utility2-comment\\n\\","<h4><a download href=\"assets.app.js\">download standalone app</a></h4>\\n\\","<button class=\"onclick onreset\" id=\"testRunButton1\">run internal test</button><br>\\n\\","<div id=\"testReportDiv1\" style=\"display: none;\"></div>\\n\\","utility2-comment -->\\n\\","\\n\\","\\n\\","\\n\\","<label>stderr and stdout</label>\\n\\","<textarea class=\"resettable\" id=\"outputTextareaStdout1\" readonly></textarea>\\n\\","<!-- utility2-comment\\n\\","{{#if isRollup}}\\n\\","<script src=\"assets.app.js\"></script>\\n\\","{{#unless isRollup}}\\n\\","utility2-comment -->\\n\\","<script src=\"assets.utility2.rollup.js\"></script>\\n\\","<script src=\"jsonp.utility2._stateInit?callback=window.utility2._stateInit\"></script>\\n\\","<script src=\"assets.npmtest_waveform_data.rollup.js\"></script>\\n\\","<script src=\"assets.example.js\"></script>\\n\\","<script src=\"assets.test.js\"></script>\\n\\","<!-- utility2-comment\\n\\","{{/if isRollup}}\\n\\","utility2-comment -->\\n\\","<div class=\"utility2FooterDiv\">\\n\\","    [ this app was created with\\n\\","    <a href=\"https://github.com/kaizhu256/node-utility2\" target=\"_blank\">utility2</a>\\n\\","    ]\\n\\","</div>\\n\\","</body>\\n\\","</html>\\n\\","';","        /* jslint-ignore-end */","        if (local.templateRender) {","            local.assetsDict['/'] = local.templateRender(","                local.assetsDict['/assets.index.template.html'],","                {","                    env: local.objectSetDefault(local.env, {","                        npm_package_description: 'the greatest app in the world!',","                        npm_package_name: 'my-app',","                        npm_package_nameAlias: 'my_app',","                        npm_package_version: '0.0.1'","                    })","                }","            );","        } else {","            local.assetsDict['/'] = local.assetsDict['/assets.index.template.html']","                .replace((/\\{\\{env\\.(\\w+?)\\}\\}/g), function (match0, match1) {","                    // jslint-hack","                    String(match0);","                    switch (match1) {","                    case 'npm_package_description':","                        return 'the greatest app in the world!';","                    case 'npm_package_name':","                        return 'my-app';","                    case 'npm_package_nameAlias':","                        return 'my_app';","                    case 'npm_package_version':","                        return '0.0.1';","                    }","                });","        }","        // run the cli","        if (local.global.utility2_rollup || module !== require.main) {","            break;","        }","        local.assetsDict['/assets.example.js'] =","            local.assetsDict['/assets.example.js'] ||","            local.fs.readFileSync(__filename, 'utf8');","        // bug-workaround - long $npm_package_buildCustomOrg","        /* jslint-ignore-begin */","        local.assetsDict['/assets.npmtest_waveform_data.rollup.js'] =","            local.assetsDict['/assets.npmtest_waveform_data.rollup.js'] ||","            local.fs.readFileSync(","                local.npmtest_waveform_data.__dirname + '/lib.npmtest_waveform_data.js',","                'utf8'","            ).replace((/^#!/), '//');","        /* jslint-ignore-end */","        local.assetsDict['/favicon.ico'] = local.assetsDict['/favicon.ico'] || '';","        // if $npm_config_timeout_exit exists,","        // then exit this process after $npm_config_timeout_exit ms","        if (Number(process.env.npm_config_timeout_exit)) {","            setTimeout(process.exit, Number(process.env.npm_config_timeout_exit));","        }","        // start server","        if (local.global.utility2_serverHttp1) {","            break;","        }","        process.env.PORT = process.env.PORT || '8081';","        console.error('server starting on port ' + process.env.PORT);","        local.http.createServer(function (request, response) {","            request.urlParsed = local.url.parse(request.url);","            if (local.assetsDict[request.urlParsed.pathname] !== undefined) {","                response.end(local.assetsDict[request.urlParsed.pathname]);","                return;","            }","            response.statusCode = 404;","            response.end();","        }).listen(process.env.PORT);","        break;","    }","}());",""],"l":{"26":2,"28":2,"33":2,"35":2,"37":2,"38":2,"39":2,"44":1,"51":2,"55":2,"59":2,"61":2,"69":1,"70":2,"76":2,"79":2,"82":2,"83":2,"85":1,"89":2,"92":1,"93":1,"94":1,"96":1,"97":1,"100":1,"101":1,"103":1,"106":1,"108":2,"114":1,"116":1,"118":1,"123":1,"124":2,"125":2,"126":3,"127":3,"128":3,"129":3,"130":1,"133":3,"134":3,"139":3,"143":1,"144":3,"145":1,"149":1,"150":1,"158":1,"160":1,"161":1,"162":1,"164":1,"166":1,"258":1,"259":1,"271":1,"274":6,"275":6,"277":1,"279":2,"281":1,"283":2,"288":1,"289":1,"291":1,"296":1,"303":1,"306":1,"307":1,"310":1,"311":1,"313":1,"314":1,"315":1,"316":1,"317":1,"318":1,"319":1,"321":1,"322":1,"324":1}},"/home/travis/build/npmtest/node-npmtest-waveform-data/node_modules/waveform-data/waveform-data.js":{"path":"/home/travis/build/npmtest/node-npmtest-waveform-data/node_modules/waveform-data/waveform-data.js","s":{"1":1,"2":1,"3":1},"b":{},"f":{},"fnMap":{},"statementMap":{"1":{"start":{"line":3,"column":0},"end":{"line":3,"column":41}},"2":{"start":{"line":4,"column":0},"end":{"line":4,"column":50}},"3":{"start":{"line":6,"column":0},"end":{"line":6,"column":30}}},"branchMap":{},"code":["\"use strict\";","","var WaveformData = require(\"./lib/core\");","WaveformData.adapters = require(\"./lib/adapters\");","","module.exports = WaveformData;",""],"l":{"3":1,"4":1,"6":1}},"/home/travis/build/npmtest/node-npmtest-waveform-data/node_modules/waveform-data/lib/core.js":{"path":"/home/travis/build/npmtest/node-npmtest-waveform-data/node_modules/waveform-data/lib/core.js","s":{"1":1,"2":1,"3":1,"4":0,"5":0,"6":0,"7":0,"8":1,"9":0,"10":0,"11":0,"12":0,"13":0,"14":0,"15":0,"16":0,"17":0,"18":0,"19":0,"20":1,"21":0,"22":0,"23":0,"24":0,"25":0,"26":0,"27":0,"28":0,"29":0,"30":0,"31":0,"32":0,"33":0,"34":0,"35":0,"36":0,"37":0,"38":0,"39":0,"40":0,"41":0,"42":0,"43":0,"44":0,"45":0,"46":0,"47":0,"48":0,"49":0,"50":0,"51":0,"52":0,"53":0,"54":0,"55":0,"56":0,"57":0,"58":0,"59":0,"60":0,"61":0,"62":0,"63":0,"64":0,"65":0,"66":0,"67":0,"68":0,"69":0,"70":0,"71":0,"72":0,"73":0,"74":0,"75":0,"76":0,"77":0,"78":0,"79":0,"80":0,"81":0,"82":0,"83":0,"84":0,"85":0,"86":0,"87":0,"88":0,"89":0,"90":0,"91":0,"92":0,"93":0,"94":0,"95":0,"96":0,"97":0,"98":0,"99":0,"100":0,"101":0,"102":0,"103":0,"104":0,"105":0,"106":0,"107":0,"108":0,"109":0,"110":0,"111":0,"112":0,"113":0,"114":0,"115":6,"116":6,"117":12,"118":12,"119":12,"120":12,"121":0,"122":12,"123":4,"124":4,"125":4,"126":4,"127":0,"128":0,"129":0,"130":0,"131":0,"132":0,"133":1,"134":1,"135":0},"b":{"1":[0,0],"2":[0,0,0,0],"3":[0,0],"4":[0,0],"5":[0,0],"6":[0,0],"7":[0,0],"8":[0,0],"9":[0,0],"10":[0,0],"11":[0,0],"12":[0,0],"13":[0,0],"14":[0,0],"15":[0,0,0],"16":[0,0],"17":[0,0,0],"18":[0,0],"19":[0,0],"20":[0,0],"21":[0,0],"22":[0,0],"23":[0,0],"24":[0,0],"25":[0,0],"26":[0,0],"27":[0,0],"28":[0,0],"29":[0,0],"30":[0,0],"31":[0,0],"32":[0,0],"33":[0,0],"34":[0,0],"35":[0,0],"36":[0,0],"37":[0,0],"38":[0,0],"39":[0,0],"40":[0,0],"41":[0,0],"42":[0,0],"43":[0,0],"44":[0,0],"45":[0,0],"46":[0,0],"47":[0,0],"48":[0,0],"49":[0,0],"50":[0,0],"51":[0,0],"52":[0,0],"53":[0,0],"54":[0,0],"55":[0,0]},"f":{"1":0,"2":0,"3":0,"4":0,"5":0,"6":0,"7":0,"8":0,"9":0,"10":0,"11":0,"12":6,"13":6,"14":12,"15":4,"16":4,"17":4,"18":4,"19":0,"20":0,"21":0,"22":0,"23":0,"24":0,"25":0},"fnMap":{"1":{"name":"WaveformData","line":30,"loc":{"start":{"line":30,"column":36},"end":{"line":30,"column":81}}},"2":{"name":"createFromResponseData","line":98,"loc":{"start":{"line":98,"column":22},"end":{"line":98,"column":59}}},"3":{"name":"(anonymous_3)","line":106,"loc":{"start":{"line":106,"column":42},"end":{"line":106,"column":62}}},"4":{"name":"(anonymous_4)","line":145,"loc":{"start":{"line":145,"column":10},"end":{"line":145,"column":30}}},"5":{"name":"setSegment","line":194,"loc":{"start":{"line":194,"column":15},"end":{"line":194,"column":58}}},"6":{"name":"setPoint","line":222,"loc":{"start":{"line":222,"column":13},"end":{"line":222,"column":53}}},"7":{"name":"removePoint","line":248,"loc":{"start":{"line":248,"column":16},"end":{"line":248,"column":49}}},"8":{"name":"(anonymous_8)","line":283,"loc":{"start":{"line":283,"column":12},"end":{"line":283,"column":29}}},"9":{"name":"(anonymous_9)","line":317,"loc":{"start":{"line":317,"column":94},"end":{"line":317,"column":114}}},"10":{"name":"sample_at_pixel","line":344,"loc":{"start":{"line":344,"column":26},"end":{"line":344,"column":53}}},"11":{"name":"add_sample","line":348,"loc":{"start":{"line":348,"column":21},"end":{"line":348,"column":50}}},"12":{"name":"(anonymous_12)","line":434,"loc":{"start":{"line":434,"column":9},"end":{"line":434,"column":11}}},"13":{"name":"(anonymous_13)","line":455,"loc":{"start":{"line":455,"column":9},"end":{"line":455,"column":11}}},"14":{"name":"getOffsetValues","line":466,"loc":{"start":{"line":466,"column":16},"end":{"line":466,"column":67}}},"15":{"name":"(anonymous_15)","line":492,"loc":{"start":{"line":492,"column":14},"end":{"line":492,"column":16}}},"16":{"name":"(anonymous_16)","line":511,"loc":{"start":{"line":511,"column":21},"end":{"line":511,"column":23}}},"17":{"name":"(anonymous_17)","line":526,"loc":{"start":{"line":526,"column":23},"end":{"line":526,"column":25}}},"18":{"name":"(anonymous_18)","line":540,"loc":{"start":{"line":540,"column":23},"end":{"line":540,"column":25}}},"19":{"name":"at_sample_proxy","line":557,"loc":{"start":{"line":557,"column":6},"end":{"line":557,"column":37}}},"20":{"name":"at_time","line":571,"loc":{"start":{"line":571,"column":11},"end":{"line":571,"column":33}}},"21":{"name":"time","line":586,"loc":{"start":{"line":586,"column":8},"end":{"line":586,"column":28}}},"22":{"name":"isInOffset","line":607,"loc":{"start":{"line":607,"column":13},"end":{"line":607,"column":39}}},"23":{"name":"getMinValue","line":622,"loc":{"start":{"line":622,"column":14},"end":{"line":622,"column":42}}},"24":{"name":"getMaxValue","line":637,"loc":{"start":{"line":637,"column":14},"end":{"line":637,"column":42}}},"25":{"name":"WaveformDataAdapter","line":655,"loc":{"start":{"line":655,"column":23},"end":{"line":655,"column":66}}}},"statementMap":{"1":{"start":{"line":3,"column":0},"end":{"line":3,"column":50}},"2":{"start":{"line":4,"column":0},"end":{"line":4,"column":46}},"3":{"start":{"line":30,"column":0},"end":{"line":73,"column":2}},"4":{"start":{"line":36,"column":2},"end":{"line":36,"column":57}},"5":{"start":{"line":53,"column":2},"end":{"line":53,"column":21}},"6":{"start":{"line":70,"column":2},"end":{"line":70,"column":19}},"7":{"start":{"line":72,"column":2},"end":{"line":72,"column":38}},"8":{"start":{"line":98,"column":0},"end":{"line":118,"column":2}},"9":{"start":{"line":99,"column":2},"end":{"line":99,"column":21}},"10":{"start":{"line":100,"column":2},"end":{"line":100,"column":21}},"11":{"start":{"line":102,"column":2},"end":{"line":104,"column":3}},"12":{"start":{"line":103,"column":4},"end":{"line":103,"column":94}},"13":{"start":{"line":106,"column":2},"end":{"line":111,"column":5}},"14":{"start":{"line":107,"column":4},"end":{"line":110,"column":5}},"15":{"start":{"line":108,"column":6},"end":{"line":108,"column":50}},"16":{"start":{"line":109,"column":6},"end":{"line":109,"column":18}},"17":{"start":{"line":113,"column":2},"end":{"line":115,"column":3}},"18":{"start":{"line":114,"column":4},"end":{"line":114,"column":83}},"19":{"start":{"line":117,"column":2},"end":{"line":117,"column":52}},"20":{"start":{"line":125,"column":0},"end":{"line":640,"column":2}},"21":{"start":{"line":146,"column":4},"end":{"line":146,"column":42}},"22":{"start":{"line":148,"column":4},"end":{"line":150,"column":5}},"23":{"start":{"line":149,"column":6},"end":{"line":149,"column":87}},"24":{"start":{"line":152,"column":4},"end":{"line":154,"column":5}},"25":{"start":{"line":153,"column":6},"end":{"line":153,"column":118}},"26":{"start":{"line":156,"column":4},"end":{"line":158,"column":5}},"27":{"start":{"line":157,"column":6},"end":{"line":157,"column":91}},"28":{"start":{"line":160,"column":4},"end":{"line":162,"column":5}},"29":{"start":{"line":161,"column":6},"end":{"line":161,"column":110}},"30":{"start":{"line":164,"column":4},"end":{"line":166,"column":5}},"31":{"start":{"line":165,"column":6},"end":{"line":165,"column":24}},"32":{"start":{"line":168,"column":4},"end":{"line":168,"column":30}},"33":{"start":{"line":169,"column":4},"end":{"line":169,"column":26}},"34":{"start":{"line":170,"column":4},"end":{"line":170,"column":37}},"35":{"start":{"line":195,"column":4},"end":{"line":197,"column":5}},"36":{"start":{"line":196,"column":6},"end":{"line":196,"column":29}},"37":{"start":{"line":199,"column":4},"end":{"line":199,"column":74}},"38":{"start":{"line":201,"column":4},"end":{"line":201,"column":37}},"39":{"start":{"line":223,"column":4},"end":{"line":225,"column":5}},"40":{"start":{"line":224,"column":6},"end":{"line":224,"column":29}},"41":{"start":{"line":227,"column":4},"end":{"line":227,"column":69}},"42":{"start":{"line":229,"column":4},"end":{"line":229,"column":35}},"43":{"start":{"line":249,"column":4},"end":{"line":251,"column":5}},"44":{"start":{"line":250,"column":6},"end":{"line":250,"column":37}},"45":{"start":{"line":284,"column":4},"end":{"line":288,"column":5}},"46":{"start":{"line":285,"column":6},"end":{"line":287,"column":8}},"47":{"start":{"line":290,"column":4},"end":{"line":290,"column":95}},"48":{"start":{"line":291,"column":4},"end":{"line":291,"column":98}},"49":{"start":{"line":292,"column":4},"end":{"line":292,"column":77}},"50":{"start":{"line":293,"column":4},"end":{"line":293,"column":77}},"51":{"start":{"line":295,"column":4},"end":{"line":295,"column":94}},"52":{"start":{"line":297,"column":4},"end":{"line":299,"column":5}},"53":{"start":{"line":298,"column":6},"end":{"line":298,"column":114}},"54":{"start":{"line":301,"column":4},"end":{"line":303,"column":5}},"55":{"start":{"line":302,"column":6},"end":{"line":302,"column":116}},"56":{"start":{"line":305,"column":4},"end":{"line":307,"column":5}},"57":{"start":{"line":306,"column":6},"end":{"line":306,"column":111}},"58":{"start":{"line":309,"column":4},"end":{"line":311,"column":5}},"59":{"start":{"line":310,"column":6},"end":{"line":310,"column":111}},"60":{"start":{"line":313,"column":4},"end":{"line":315,"column":5}},"61":{"start":{"line":314,"column":6},"end":{"line":314,"column":119}},"62":{"start":{"line":317,"column":4},"end":{"line":319,"column":10}},"63":{"start":{"line":318,"column":6},"end":{"line":318,"column":53}},"64":{"start":{"line":321,"column":4},"end":{"line":323,"column":5}},"65":{"start":{"line":322,"column":6},"end":{"line":322,"column":134}},"66":{"start":{"line":325,"column":4},"end":{"line":325,"column":25}},"67":{"start":{"line":326,"column":4},"end":{"line":326,"column":114}},"68":{"start":{"line":327,"column":4},"end":{"line":327,"column":35}},"69":{"start":{"line":328,"column":4},"end":{"line":328,"column":26}},"70":{"start":{"line":330,"column":4},"end":{"line":330,"column":48}},"71":{"start":{"line":331,"column":4},"end":{"line":331,"column":47}},"72":{"start":{"line":332,"column":4},"end":{"line":332,"column":49}},"73":{"start":{"line":333,"column":4},"end":{"line":333,"column":67}},"74":{"start":{"line":334,"column":4},"end":{"line":334,"column":67}},"75":{"start":{"line":335,"column":4},"end":{"line":335,"column":25}},"76":{"start":{"line":336,"column":4},"end":{"line":336,"column":24}},"77":{"start":{"line":338,"column":4},"end":{"line":340,"column":5}},"78":{"start":{"line":339,"column":6},"end":{"line":339,"column":83}},"79":{"start":{"line":342,"column":4},"end":{"line":342,"column":57}},"80":{"start":{"line":344,"column":4},"end":{"line":346,"column":6}},"81":{"start":{"line":345,"column":6},"end":{"line":345,"column":47}},"82":{"start":{"line":348,"column":4},"end":{"line":350,"column":6}},"83":{"start":{"line":349,"column":6},"end":{"line":349,"column":33}},"84":{"start":{"line":352,"column":4},"end":{"line":397,"column":5}},"85":{"start":{"line":353,"column":6},"end":{"line":369,"column":7}},"86":{"start":{"line":354,"column":8},"end":{"line":356,"column":9}},"87":{"start":{"line":355,"column":10},"end":{"line":355,"column":31}},"88":{"start":{"line":358,"column":8},"end":{"line":358,"column":39}},"89":{"start":{"line":360,"column":8},"end":{"line":360,"column":23}},"90":{"start":{"line":362,"column":8},"end":{"line":362,"column":51}},"91":{"start":{"line":363,"column":8},"end":{"line":363,"column":55}},"92":{"start":{"line":365,"column":8},"end":{"line":368,"column":9}},"93":{"start":{"line":366,"column":10},"end":{"line":366,"column":26}},"94":{"start":{"line":367,"column":10},"end":{"line":367,"column":26}},"95":{"start":{"line":371,"column":6},"end":{"line":371,"column":44}},"96":{"start":{"line":372,"column":6},"end":{"line":372,"column":39}},"97":{"start":{"line":374,"column":6},"end":{"line":376,"column":7}},"98":{"start":{"line":375,"column":8},"end":{"line":375,"column":33}},"99":{"start":{"line":378,"column":6},"end":{"line":392,"column":7}},"100":{"start":{"line":379,"column":8},"end":{"line":379,"column":45}},"101":{"start":{"line":381,"column":8},"end":{"line":383,"column":9}},"102":{"start":{"line":382,"column":10},"end":{"line":382,"column":22}},"103":{"start":{"line":385,"column":8},"end":{"line":385,"column":45}},"104":{"start":{"line":387,"column":8},"end":{"line":389,"column":9}},"105":{"start":{"line":388,"column":10},"end":{"line":388,"column":22}},"106":{"start":{"line":391,"column":8},"end":{"line":391,"column":22}},"107":{"start":{"line":394,"column":6},"end":{"line":396,"column":7}},"108":{"start":{"line":395,"column":8},"end":{"line":395,"column":14}},"109":{"start":{"line":399,"column":4},"end":{"line":406,"column":5}},"110":{"start":{"line":400,"column":6},"end":{"line":402,"column":7}},"111":{"start":{"line":401,"column":8},"end":{"line":401,"column":29}},"112":{"start":{"line":404,"column":9},"end":{"line":406,"column":5}},"113":{"start":{"line":405,"column":6},"end":{"line":405,"column":27}},"114":{"start":{"line":408,"column":4},"end":{"line":414,"column":37}},"115":{"start":{"line":435,"column":4},"end":{"line":435,"column":71}},"116":{"start":{"line":456,"column":4},"end":{"line":456,"column":71}},"117":{"start":{"line":467,"column":4},"end":{"line":467,"column":31}},"118":{"start":{"line":468,"column":4},"end":{"line":468,"column":20}},"119":{"start":{"line":470,"column":4},"end":{"line":470,"column":30}},"120":{"start":{"line":472,"column":4},"end":{"line":474,"column":5}},"121":{"start":{"line":473,"column":6},"end":{"line":473,"column":52}},"122":{"start":{"line":476,"column":4},"end":{"line":476,"column":18}},"123":{"start":{"line":493,"column":4},"end":{"line":493,"column":81}},"124":{"start":{"line":512,"column":4},"end":{"line":512,"column":80}},"125":{"start":{"line":527,"column":4},"end":{"line":527,"column":57}},"126":{"start":{"line":541,"column":4},"end":{"line":541,"column":57}},"127":{"start":{"line":558,"column":4},"end":{"line":558,"column":34}},"128":{"start":{"line":572,"column":4},"end":{"line":572,"column":78}},"129":{"start":{"line":587,"column":4},"end":{"line":587,"column":42}},"130":{"start":{"line":608,"column":4},"end":{"line":608,"column":65}},"131":{"start":{"line":623,"column":4},"end":{"line":623,"column":39}},"132":{"start":{"line":638,"column":4},"end":{"line":638,"column":45}},"133":{"start":{"line":647,"column":0},"end":{"line":647,"column":27}},"134":{"start":{"line":655,"column":0},"end":{"line":657,"column":2}},"135":{"start":{"line":656,"column":2},"end":{"line":656,"column":28}}},"branchMap":{"1":{"line":102,"type":"if","locations":[{"start":{"line":102,"column":2},"end":{"line":102,"column":2}},{"start":{"line":102,"column":2},"end":{"line":102,"column":2}}]},"2":{"line":102,"type":"binary-expr","locations":[{"start":{"line":102,"column":6},"end":{"line":102,"column":10}},{"start":{"line":102,"column":14},"end":{"line":102,"column":38}},{"start":{"line":102,"column":43},"end":{"line":102,"column":65}},{"start":{"line":102,"column":69},"end":{"line":102,"column":87}}]},"3":{"line":103,"type":"cond-expr","locations":[{"start":{"line":103,"column":41},"end":{"line":103,"column":54}},{"start":{"line":103,"column":58},"end":{"line":103,"column":92}}]},"4":{"line":103,"type":"binary-expr","locations":[{"start":{"line":103,"column":58},"end":{"line":103,"column":75}},{"start":{"line":103,"column":79},"end":{"line":103,"column":92}}]},"5":{"line":107,"type":"if","locations":[{"start":{"line":107,"column":4},"end":{"line":107,"column":4}},{"start":{"line":107,"column":4},"end":{"line":107,"column":4}}]},"6":{"line":107,"type":"binary-expr","locations":[{"start":{"line":107,"column":55},"end":{"line":107,"column":62}},{"start":{"line":107,"column":66},"end":{"line":107,"column":70}}]},"7":{"line":113,"type":"if","locations":[{"start":{"line":113,"column":2},"end":{"line":113,"column":2}},{"start":{"line":113,"column":2},"end":{"line":113,"column":2}}]},"8":{"line":117,"type":"binary-expr","locations":[{"start":{"line":117,"column":26},"end":{"line":117,"column":33}},{"start":{"line":117,"column":37},"end":{"line":117,"column":41}}]},"9":{"line":148,"type":"if","locations":[{"start":{"line":148,"column":4},"end":{"line":148,"column":4}},{"start":{"line":148,"column":4},"end":{"line":148,"column":4}}]},"10":{"line":152,"type":"if","locations":[{"start":{"line":152,"column":4},"end":{"line":152,"column":4}},{"start":{"line":152,"column":4},"end":{"line":152,"column":4}}]},"11":{"line":156,"type":"if","locations":[{"start":{"line":156,"column":4},"end":{"line":156,"column":4}},{"start":{"line":156,"column":4},"end":{"line":156,"column":4}}]},"12":{"line":160,"type":"if","locations":[{"start":{"line":160,"column":4},"end":{"line":160,"column":4}},{"start":{"line":160,"column":4},"end":{"line":160,"column":4}}]},"13":{"line":164,"type":"if","locations":[{"start":{"line":164,"column":4},"end":{"line":164,"column":4}},{"start":{"line":164,"column":4},"end":{"line":164,"column":4}}]},"14":{"line":195,"type":"if","locations":[{"start":{"line":195,"column":4},"end":{"line":195,"column":4}},{"start":{"line":195,"column":4},"end":{"line":195,"column":4}}]},"15":{"line":195,"type":"binary-expr","locations":[{"start":{"line":195,"column":8},"end":{"line":195,"column":32}},{"start":{"line":195,"column":36},"end":{"line":195,"column":55}},{"start":{"line":195,"column":59},"end":{"line":195,"column":82}}]},"16":{"line":223,"type":"if","locations":[{"start":{"line":223,"column":4},"end":{"line":223,"column":4}},{"start":{"line":223,"column":4},"end":{"line":223,"column":4}}]},"17":{"line":223,"type":"binary-expr","locations":[{"start":{"line":223,"column":7},"end":{"line":223,"column":31}},{"start":{"line":223,"column":35},"end":{"line":223,"column":54}},{"start":{"line":223,"column":58},"end":{"line":223,"column":81}}]},"18":{"line":249,"type":"if","locations":[{"start":{"line":249,"column":4},"end":{"line":249,"column":4}},{"start":{"line":249,"column":4},"end":{"line":249,"column":4}}]},"19":{"line":284,"type":"if","locations":[{"start":{"line":284,"column":4},"end":{"line":284,"column":4}},{"start":{"line":284,"column":4},"end":{"line":284,"column":4}}]},"20":{"line":290,"type":"cond-expr","locations":[{"start":{"line":290,"column":68},"end":{"line":290,"column":87}},{"start":{"line":290,"column":90},"end":{"line":290,"column":94}}]},"21":{"line":291,"type":"cond-expr","locations":[{"start":{"line":291,"column":70},"end":{"line":291,"column":90}},{"start":{"line":291,"column":93},"end":{"line":291,"column":97}}]},"22":{"line":292,"type":"cond-expr","locations":[{"start":{"line":292,"column":56},"end":{"line":292,"column":69}},{"start":{"line":292,"column":72},"end":{"line":292,"column":76}}]},"23":{"line":293,"type":"cond-expr","locations":[{"start":{"line":293,"column":56},"end":{"line":293,"column":69}},{"start":{"line":293,"column":72},"end":{"line":293,"column":76}}]},"24":{"line":295,"type":"binary-expr","locations":[{"start":{"line":295,"column":32},"end":{"line":295,"column":60}},{"start":{"line":295,"column":64},"end":{"line":295,"column":93}}]},"25":{"line":297,"type":"if","locations":[{"start":{"line":297,"column":4},"end":{"line":297,"column":4}},{"start":{"line":297,"column":4},"end":{"line":297,"column":4}}]},"26":{"line":297,"type":"binary-expr","locations":[{"start":{"line":297,"column":8},"end":{"line":297,"column":36}},{"start":{"line":297,"column":40},"end":{"line":297,"column":76}}]},"27":{"line":301,"type":"if","locations":[{"start":{"line":301,"column":4},"end":{"line":301,"column":4}},{"start":{"line":301,"column":4},"end":{"line":301,"column":4}}]},"28":{"line":301,"type":"binary-expr","locations":[{"start":{"line":301,"column":8},"end":{"line":301,"column":37}},{"start":{"line":301,"column":41},"end":{"line":301,"column":78}}]},"29":{"line":305,"type":"if","locations":[{"start":{"line":305,"column":4},"end":{"line":305,"column":4}},{"start":{"line":305,"column":4},"end":{"line":305,"column":4}}]},"30":{"line":305,"type":"binary-expr","locations":[{"start":{"line":305,"column":8},"end":{"line":305,"column":30}},{"start":{"line":305,"column":34},"end":{"line":305,"column":63}}]},"31":{"line":309,"type":"if","locations":[{"start":{"line":309,"column":4},"end":{"line":309,"column":4}},{"start":{"line":309,"column":4},"end":{"line":309,"column":4}}]},"32":{"line":309,"type":"binary-expr","locations":[{"start":{"line":309,"column":8},"end":{"line":309,"column":30}},{"start":{"line":309,"column":34},"end":{"line":309,"column":63}}]},"33":{"line":313,"type":"if","locations":[{"start":{"line":313,"column":4},"end":{"line":313,"column":4}},{"start":{"line":313,"column":4},"end":{"line":313,"column":4}}]},"34":{"line":313,"type":"binary-expr","locations":[{"start":{"line":313,"column":8},"end":{"line":313,"column":22}},{"start":{"line":313,"column":26},"end":{"line":313,"column":40}}]},"35":{"line":318,"type":"cond-expr","locations":[{"start":{"line":318,"column":46},"end":{"line":318,"column":47}},{"start":{"line":318,"column":50},"end":{"line":318,"column":51}}]},"36":{"line":321,"type":"if","locations":[{"start":{"line":321,"column":4},"end":{"line":321,"column":4}},{"start":{"line":321,"column":4},"end":{"line":321,"column":4}}]},"37":{"line":321,"type":"binary-expr","locations":[{"start":{"line":321,"column":8},"end":{"line":321,"column":29}},{"start":{"line":321,"column":33},"end":{"line":321,"column":65}}]},"38":{"line":326,"type":"binary-expr","locations":[{"start":{"line":326,"column":28},"end":{"line":326,"column":41}},{"start":{"line":326,"column":45},"end":{"line":326,"column":113}}]},"39":{"line":331,"type":"binary-expr","locations":[{"start":{"line":331,"column":22},"end":{"line":331,"column":41}},{"start":{"line":331,"column":45},"end":{"line":331,"column":46}}]},"40":{"line":332,"type":"binary-expr","locations":[{"start":{"line":332,"column":23},"end":{"line":332,"column":43}},{"start":{"line":332,"column":47},"end":{"line":332,"column":48}}]},"41":{"line":333,"type":"cond-expr","locations":[{"start":{"line":333,"column":34},"end":{"line":333,"column":62}},{"start":{"line":333,"column":65},"end":{"line":333,"column":66}}]},"42":{"line":334,"type":"cond-expr","locations":[{"start":{"line":334,"column":34},"end":{"line":334,"column":62}},{"start":{"line":334,"column":65},"end":{"line":334,"column":66}}]},"43":{"line":338,"type":"if","locations":[{"start":{"line":338,"column":4},"end":{"line":338,"column":4}},{"start":{"line":338,"column":4},"end":{"line":338,"column":4}}]},"44":{"line":354,"type":"if","locations":[{"start":{"line":354,"column":8},"end":{"line":354,"column":8}},{"start":{"line":354,"column":8},"end":{"line":354,"column":8}}]},"45":{"line":365,"type":"if","locations":[{"start":{"line":365,"column":8},"end":{"line":365,"column":8}},{"start":{"line":365,"column":8},"end":{"line":365,"column":8}}]},"46":{"line":374,"type":"if","locations":[{"start":{"line":374,"column":6},"end":{"line":374,"column":6}},{"start":{"line":374,"column":6},"end":{"line":374,"column":6}}]},"47":{"line":381,"type":"if","locations":[{"start":{"line":381,"column":8},"end":{"line":381,"column":8}},{"start":{"line":381,"column":8},"end":{"line":381,"column":8}}]},"48":{"line":387,"type":"if","locations":[{"start":{"line":387,"column":8},"end":{"line":387,"column":8}},{"start":{"line":387,"column":8},"end":{"line":387,"column":8}}]},"49":{"line":394,"type":"if","locations":[{"start":{"line":394,"column":6},"end":{"line":394,"column":6}},{"start":{"line":394,"column":6},"end":{"line":394,"column":6}}]},"50":{"line":394,"type":"binary-expr","locations":[{"start":{"line":394,"column":10},"end":{"line":394,"column":31}},{"start":{"line":394,"column":35},"end":{"line":394,"column":88}}]},"51":{"line":399,"type":"if","locations":[{"start":{"line":399,"column":4},"end":{"line":399,"column":4}},{"start":{"line":399,"column":4},"end":{"line":399,"column":4}}]},"52":{"line":400,"type":"if","locations":[{"start":{"line":400,"column":6},"end":{"line":400,"column":6}},{"start":{"line":400,"column":6},"end":{"line":400,"column":6}}]},"53":{"line":400,"type":"binary-expr","locations":[{"start":{"line":400,"column":10},"end":{"line":400,"column":62}},{"start":{"line":400,"column":66},"end":{"line":400,"column":98}}]},"54":{"line":404,"type":"if","locations":[{"start":{"line":404,"column":9},"end":{"line":404,"column":9}},{"start":{"line":404,"column":9},"end":{"line":404,"column":9}}]},"55":{"line":608,"type":"binary-expr","locations":[{"start":{"line":608,"column":11},"end":{"line":608,"column":37}},{"start":{"line":608,"column":41},"end":{"line":608,"column":64}}]}},"code":["\"use strict\";","","var WaveformDataSegment = require(\"./segment.js\");","var WaveformDataPoint = require(\"./point.js\");","","/**"," * Facade to iterate on audio waveform response."," *"," * ```javascript"," *  var waveform = new WaveformData({ ... }, WaveformData.adapters.object);"," *"," *  var json_waveform = new WaveformData(xhr.responseText, WaveformData.adapters.object);"," *"," *  var arraybuff_waveform = new WaveformData(getArrayBufferData(), WaveformData.adapters.arraybuffer);"," * ```"," *"," * ## Offsets"," *"," * An **offset** is a non-destructive way to iterate on a subset of data."," *"," * It is the easiest way to **navigate** through data without having to deal with complex calculations."," * Simply iterate over the data to display them."," *"," * *Notice*: the default offset is the entire set of data."," *"," * @param {String|ArrayBuffer|Mixed} response_data Waveform data, to be consumed by the related adapter."," * @param {WaveformData.adapter|Function} adapter Backend adapter used to manage access to the data."," * @constructor"," */","var WaveformData = module.exports = function WaveformData(response_data, adapter){","  /**","   * Backend adapter used to manage access to the data.","   *","   * @type {Object}","   */","  this.adapter = adapter.fromResponseData(response_data);","","  /**","   * Defined segments.","   *","   * ```javascript","   * var waveform = new WaveformData({ ... }, WaveformData.adapters.object);","   *","   * console.log(waveform.segments.speakerA);          // -> undefined","   *","   * waveform.set_segment(30, 90, \"speakerA\");","   *","   * console.log(waveform.segments.speakerA.start);    // -> 30","   * ```","   *","   * @type {Object} A hash of `WaveformDataSegment` objects.","   */","  this.segments = {};","","  /**","   * Defined points.","   *","   * ```javascript","   * var waveform = new WaveformData({ ... }, WaveformData.adapters.object);","   *","   * console.log(waveform.points.speakerA);          // -> undefined","   *","   * waveform.set_point(30, \"speakerA\");","   *","   * console.log(waveform.points.speakerA.timeStamp);    // -> 30","   * ```","   *","   * @type {Object} A hash of `WaveformDataPoint` objects.","   */","  this.points = {};","","  this.offset(0, this.adapter.length);","};","","/**"," * Creates an instance of WaveformData by guessing the adapter from the data type."," * As an icing sugar, it will also do the detection job from an XMLHttpRequest response."," *"," * ```javascript"," * var xhr = new XMLHttpRequest();"," * xhr.open(\"GET\", \"http://example.com/waveforms/track.dat\");"," * xhr.responseType = \"arraybuffer\";"," *"," * xhr.addEventListener(\"load\", function onResponse(progressEvent){"," *   var waveform = WaveformData.create(progressEvent.target);"," *"," *   console.log(waveform.duration);"," * });"," *"," * xhr.send();"," * ```"," *"," * @static"," * @throws TypeError"," * @param {XMLHttpRequest|Mixed} data"," * @return {WaveformData}"," */","WaveformData.create = function createFromResponseData(data){","  var adapter = null;","  var xhrData = null;","","  if (data && typeof data === \"object\" && (\"responseText\" in data || \"response\" in data)){","    xhrData = (\"responseType\" in data) ? data.response : (data.responseText || data.response);","  }","","  Object.keys(WaveformData.adapters).some(function(adapter_id){","    if (WaveformData.adapters[adapter_id].isCompatible(xhrData || data)){","      adapter = WaveformData.adapters[adapter_id];","      return true;","    }","  });","","  if (adapter === null){","    throw new TypeError(\"Could not detect a WaveformData adapter from the input.\");","  }","","  return new WaveformData(xhrData || data, adapter);","};","","/**"," * Public API for the Waveform Data manager."," *"," * @namespace WaveformData"," */","WaveformData.prototype = {","  /**","   * Clamp an offset of data upon the whole response body.","   * Pros: it's just a reference, not a new array. So it's fast.","   *","   * ```javascript","   * var waveform = WaveformData.create({ ... });","   *","   * console.log(waveform.offset_length);   // -> 150","   * console.log(waveform.min[0]);          // -> -12","   *","   * waveform.offset(20, 50);","   *","   * console.log(waveform.min.length);      // -> 30","   * console.log(waveform.min[0]);          // -> -9","   * ```","   *","   * @param {Integer} start New beginning of the offset. (inclusive)","   * @param {Integer} end New ending of the offset (exclusive)","   */","  offset: function(start, end){","    var data_length = this.adapter.length;","","    if (end < 0){","      throw new RangeError(\"End point must be non-negative [\" + Number(end) + \" < 0]\");","    }","","    if (end <= start){","      throw new RangeError(\"We can't end prior to the starting point [\" + Number(end) + \" <= \" + Number(start) + \"]\");","    }","","    if (start < 0){","      th
[...]
":14},"end":{"line":31,"column":86}},"5":{"start":{"line":34,"column":14},"end":{"line":34,"column":88}},"6":{"start":{"line":34,"column":54},"end":{"line":34,"column":84}},"7":{"start":{"line":43,"column":2},"end":{"line":43,"column":39}},"8":{"start":{"line":45,"column":2},"end":{"line":45,"column":43}},"9":{"start":{"line":46,"column":2},"end":{"line":46,"column":44}}},"branchMap":{"1":{"line":28,"type":"binary-expr","locations":[{"start":{"line":28,"column":21},"end":{"line":28,"column":32}},{"start":{"line":28,"column":36},"end":{"line":28,"column":68}}]}},"code":["\"use strict\";","","// jshint node:true","","module.exports = function (grunt) {","","  // Project configuration.","  grunt.initConfig({","    pkg: require('./package.json'),","    banner: '/*! <%= pkg.name %> - v<%= pkg.version %> - ' +","      '<%= grunt.template.today(\"yyyy-mm-dd\") %>\\n' +","      '<%= pkg.homepage ? \"* \" + pkg.homepage + \"\\\\n\" : \"\" %>' +","      '* Copyright (c) <%= grunt.template.today(\"yyyy\") %> <%= pkg.author.name %>;' +","      ' Licensed <%= pkg.license %> */\\n',","","    jsdoc_md: {","      main: {","        files: {","          \"doc/WaveformData.md\": \"lib/core.js\",","          \"doc/WaveformDataPoint.md\": \"lib/point.js\",","          \"doc/WaveformDataSegment.md\": \"lib/segment.js\",","          \"doc/WaveformDataArrayBufferAdapter.md\": \"lib/adapters/arraybuffer.js\",","          \"doc/WaveformDataObjectAdapter.md\": \"lib/adapters/object.js\"","        },","        options: {","          filters: [","            function excludePrototypeObject(comment){","              return comment.ctx && comment.ctx.type === \"prototype\";","            },","            function excludeSingleLineComment(comment){","              return comment.description.full.match(/^[ \\t]*(globals|jshint|jslint)/);","            },","            function excludeTypedefTag(comment){","              return comment.tags.some(function(tag){ return tag.type === \"typedef\"; });","            }","          ]","        }","      }","    }","  });","","  // These plugins provide necessary tasks.","  grunt.loadNpmTasks(\"grunt-jsdoc-md\");","","  grunt.registerTask(\"default\", [\"build\"]);","  grunt.registerTask(\"build\", [\"jsdoc_md\"]);","};",""],"l":{"5":1,"8":0,"28":0,"31":0,"34":0,"43":0,"45":0,"46":0}},"/home/travis/build/npmtest/node-npmtest-waveform-data/node_modules/waveform-data/karma.conf.js":{"path":"/home/travis/build/npmtest/node-npmtest-waveform-data/node_modules/waveform-data/karma.conf.js","s":{"1":1,"2":0,"3":0},"b":{"1":[0,0],"2":[0,0]},"f":{"1":0},"fnMap":{"1":{"name":"(anonymous_1)","line":1,"loc":{"start":{"line":1,"column":17},"end":{"line":1,"column":33}}}},"statementMap":{"1":{"start":{"line":1,"column":0},"end":{"line":41,"column":2}},"2":{"start":{"line":2,"column":2},"end":{"line":2,"column":37}},"3":{"start":{"line":4,"column":2},"end":{"line":40,"column":5}}},"branchMap":{"1":{"line":31,"type":"cond-expr","locations":[{"start":{"line":31,"column":22},"end":{"line":31,"column":28}},{"start":{"line":31,"column":31},"end":{"line":31,"column":41}}]},"2":{"line":37,"type":"cond-expr","locations":[{"start":{"line":37,"column":21},"end":{"line":37,"column":32}},{"start":{"line":37,"column":35},"end":{"line":37,"column":67}}]}},"code":["module.exports = function(config){","  var isCI = Boolean(process.env.CI);","","  config.set({","    basePath: '',","","    files: [","      { pattern: 'lib/**/*.js', included: false, served: false, watched: true },","      'test/unit/**/*.js'","    ],","","    frameworks: ['mocha', 'browserify'],","","    preprocessors: {","      'test/**/*.js': ['browserify'],","      'waveform-data.js': ['browserify']","    },","","    browserify: {","      debug: true,","      external: ['dist/waveform-data.min.js'],","      transform: [","        'brfs'","      ]","    },","","    plugins: [","      'karma-*'","    ],","","    reporters: isCI ? 'dots' : 'progress',","    port: 8080,","    runnerPort: 9100,","    colors: true,","    logLevel: config.LOG_INFO,","    autoWatch: !isCI,","    browsers: isCI ? ['Firefox'] : ['Chrome', 'Safari', 'Firefox' ],","    captureTimeout: 5000,","    singleRun: true","  });","};",""],"l":{"1":1,"2":0,"4":0}},"/home/travis/build/npmtest/node-npmtest-waveform-data/node_modules/waveform-data/webaudio.js":{"path":"/home/travis/build/npmtest/node-npmtest-waveform-data/node_modules/waveform-data/webaudio.js","s":{"1":1,"2":1},"b":{},"f":{},"fnMap":{},"statementMap":{"1":{"start":{"line":3,"column":0},"end":{"line":3,"column":60}},"2":{"start":{"line":5,"column":0},"end":{"line":5,"column":33}}},"branchMap":{},"code":["\"use strict\";","","var webAudioBuilder = require(\"./lib/builders/webaudio.js\");","","module.exports = webAudioBuilder;",""],"l":{"3":1,"5":1}},"/home/travis/build/npmtest/node-npmtest-waveform-data/node_modules/waveform-data/lib/builders/webaudio.js":{"path":"/home/travis/build/npmtest/node-npmtest-waveform-data/node_modules/waveform-data/lib/builders/webaudio.js","s":{"1":1,"2":1,"3":0,"4":0,"5":0,"6":0,"7":0,"8":0,"9":0,"10":0,"11":0,"12":0,"13":0,"14":0,"15":0,"16":1},"b":{"1":[0,0],"2":[0,0],"3":[0,0],"4":[0,0],"5":[0,0],"6":[0,0],"7":[0,0]},"f":{"1":0},"fnMap":{"1":{"name":"fromAudioObjectBuilder","line":41,"loc":{"start":{"line":41,"column":0},"end":{"line":41,"column":79}}}},"statementMap":{"1":{"start":{"line":3,"column":0},"end":{"line":3,"column":48}},"2":{"start":{"line":41,"column":0},"end":{"line":82,"column":1}},"3":{"start":{"line":42,"column":2},"end":{"line":42,"column":70}},"4":{"start":{"line":43,"column":2},"end":{"line":46,"column":4}},"5":{"start":{"line":48,"column":2},"end":{"line":50,"column":3}},"6":{"start":{"line":49,"column":4},"end":{"line":49,"column":87}},"7":{"start":{"line":53,"column":2},"end":{"line":59,"column":3}},"8":{"start":{"line":54,"column":4},"end":{"line":54,"column":23}},"9":{"start":{"line":55,"column":4},"end":{"line":55,"column":17}},"10":{"start":{"line":58,"column":4},"end":{"line":58,"column":28}},"11":{"start":{"line":61,"column":2},"end":{"line":61,"column":56}},"12":{"start":{"line":62,"column":2},"end":{"line":62,"column":86}},"13":{"start":{"line":64,"column":2},"end":{"line":66,"column":3}},"14":{"start":{"line":65,"column":4},"end":{"line":65,"column":86}},"15":{"start":{"line":77,"column":2},"end":{"line":81,"column":4}},"16":{"start":{"line":84,"column":0},"end":{"line":84,"column":40}}},"branchMap":{"1":{"line":42,"type":"binary-expr","locations":[{"start":{"line":42,"column":21},"end":{"line":42,"column":40}},{"start":{"line":42,"column":44},"end":{"line":42,"column":69}}]},"2":{"line":48,"type":"if","locations":[{"start":{"line":48,"column":2},"end":{"line":48,"column":2}},{"start":{"line":48,"column":2},"end":{"line":48,"column":2}}]},"3":{"line":53,"type":"if","locations":[{"start":{"line":53,"column":2},"end":{"line":53,"column":2}},{"start":{"line":53,"column":2},"end":{"line":53,"column":2}}]},"4":{"line":58,"type":"binary-expr","locations":[{"start":{"line":58,"column":14},"end":{"line":58,"column":21}},{"start":{"line":58,"column":25},"end":{"line":58,"column":27}}]},"5":{"line":61,"type":"binary-expr","locations":[{"start":{"line":61,"column":18},"end":{"line":61,"column":31}},{"start":{"line":61,"column":35},"end":{"line":61,"column":55}}]},"6":{"line":62,"type":"binary-expr","locations":[{"start":{"line":62,"column":28},"end":{"line":62,"column":51}},{"start":{"line":62,"column":55},"end":{"line":62,"column":85}}]},"7":{"line":64,"type":"if","locations":[{"start":{"line":64,"column":2},"end":{"line":64,"column":2}},{"start":{"line":64,"column":2},"end":{"line":64,"column":2}}]}},"code":["\"use strict\";","","var audioDecoder = require('./audiodecoder.js');","","/**"," * Creates a working WaveformData based on binary audio data."," *"," * This is still quite experimental and the result will mostly depend of the"," * support state of the running browser."," *"," * ```javascript"," * var xhr = new XMLHttpRequest();"," * var audioContext = new AudioContext();"," *"," * // URL of a CORS MP3/Ogg file"," * xhr.open(\"GET\", \"http://example.com/audio/track.ogg\");"," * xhr.responseType = \"arraybuffer\";"," *"," * xhr.addEventListener(\"load\", function onResponse(progressEvent){"," *   WaveformData.builders.webaudio(audioContext, progressEvent.target.response, onProcessed(err, waveform){"," *     if (err) {"," *        console.error(err);"," *        return;"," *     }"," *"," *     console.log(waveform.duration);"," *   });"," * });"," *"," * xhr.send();"," *  ```"," *"," * @todo use a Web Worker to offload processing of the binary data"," * @todo or use `SourceBuffer.appendBuffer` and `ProgressEvent` to stream the decoding"," * @todo abstract the number of channels, because it is assumed the audio file is stereo"," * @param {AudioContext|webkitAudioContext} audio_context"," * @param {ArrayBuffer} raw_response"," * @param {callback} what to do once the decoding is done"," * @constructor"," */","function fromAudioObjectBuilder(audio_context, raw_response, options, callback){","  var audioContext = window.AudioContext || window.webkitAudioContext;","  var defaultOptions = {","    scale: 512,","    amplitude_scale: 1.0","  };","","  if ((audio_context instanceof audioContext) === false) {","    throw new TypeError('First argument should be an instance of window.AudioContext');","  }","","  // fromAudioObjectBuilder(audioContext, data, callback) form","  if (typeof options === 'function') {","    callback = options;","    options = {};","  }","  else {","    options = options || {};","  }","","  options.scale = options.scale || defaultOptions.scale;","  options.amplitude_scale = options.amplitude_scale || defaultOptions.amplitude_scale;","","  if (options.hasOwnProperty('scale_adjuster')) {","    throw new Error(\"Please rename the 'scale_adjuster' option to 'amplitude_scale'\");","  }","","  /*","   * The result will vary on the codec implentation of the browser.","   * We don't handle the case where the browser is unable to handle the decoding.","   *","   * @see https://webaudio.github.io/web-audio-api/#widl-BaseAudioContext-createWaveShaper-WaveShaperNode","   *","   * Adapted from BlockFile::CalcSummary in Audacity, with permission.","   * @see https://code.google.com/p/audacity/source/browse/audacity-src/trunk/src/BlockFile.cpp","   */","  return audio_context.decodeAudioData(","    raw_response,","    audioDecoder(options, callback),","    callback","  );","}","","module.exports = fromAudioObjectBuilder;",""],"l":{"3":1,"41":1,"42":0,"43":0,"48":0,"49":0,"53":0,"54":0,"55":0,"58":0,"61":0,"62":0,"64":0,"65":0,"77":0,"84":1}},"/home/travis/build/npmtest/node-npmtest-waveform-data/node_modules/waveform-data/lib/builders/audiodecoder.js":{"path":"/home/travis/build/npmtest/node-npmtest-waveform-data/node_modules/waveform-data/lib/builders/audiodecoder.js","s":{"1":1,"2":1,"3":0,"4":0,"5":0,"6":0,"7":0,"8":1,"9":0,"10":0,"11":0,"12":0,"13":0,"14":0,"15":0,"16":0,"17":0,"18":0,"19":0,"20":0,"21":0,"22":0,"23":0,"24":0,"25":0,"26":0,"27":0,"28":0,"29":0,"30":0,"31":0,"32":0,"33":0,"34":0,"35":0,"36":0,"37":0,"38":0,"39":0,"40":0,"41":0,"42":0,"43":0,"44":0,"45":0,"46":0,"47":0,"48":0,"49":0,"50":0,"51":0,"52":0},"b":{"1":[0,0],"2":[0,0],"3":[0,0],"4":[0,0],"5":[0,0],"6":[0,0],"7":[0,0]},"f":{"1":0,"2":0,"3":0},"fnMap":{"1":{"name":"calculateWaveformDataLength","line":5,"loc":{"start":{"line":5,"column":0},"end":{"line":5,"column":64}}},"2":{"name":"getAudioDecoder","line":32,"loc":{"start":{"line":32,"column":17},"end":{"line":32,"column":60}}},"3":{"name":"onAudioDecoded","line":39,"loc":{"start":{"line":39,"column":9},"end":{"line":39,"column":47}}}},"statementMap":{"1":{"start":{"line":3,"column":0},"end":{"line":3,"column":53}},"2":{"start":{"line":5,"column":0},"end":{"line":15,"column":1}},"3":{"start":{"line":6,"column":2},"end":{"line":6,"column":59}},"4":{"start":{"line":8,"column":2},"end":{"line":8,"column":69}},"5":{"start":{"line":10,"column":2},"end":{"line":12,"column":3}},"6":{"start":{"line":11,"column":4},"end":{"line":11,"column":18}},"7":{"start":{"line":14,"column":2},"end":{"line":14,"column":21}},"8":{"start":{"line":32,"column":0},"end":{"line":103,"column":2}},"9":{"start":{"line":33,"column":2},"end":{"line":33,"column":28}},"10":{"start":{"line":34,"column":2},"end":{"line":34,"column":48}},"11":{"start":{"line":36,"column":2},"end":{"line":36,"column":21}},"12":{"start":{"line":37,"column":2},"end":{"line":37,"column":22}},"13":{"start":{"line":39,"column":2},"end":{"line":102,"column":4}},"14":{"start":{"line":40,"column":4},"end":{"line":40,"column":78}},"15":{"start":{"line":41,"column":4},"end":{"line":41,"column":25}},"16":{"start":{"line":42,"column":4},"end":{"line":42,"column":83}},"17":{"start":{"line":43,"column":4},"end":{"line":43,"column":22}},"18":{"start":{"line":44,"column":4},"end":{"line":44,"column":16}},"19":{"start":{"line":45,"column":4},"end":{"line":45,"column":71}},"20":{"start":{"line":46,"column":4},"end":{"line":46,"column":44}},"21":{"start":{"line":47,"column":4},"end":{"line":47,"column":29}},"22":{"start":{"line":48,"column":4},"end":{"line":48,"column":10}},"23":{"start":{"line":50,"column":4},"end":{"line":50,"column":37}},"24":{"start":{"line":51,"column":4},"end":{"line":51,"column":38}},"25":{"start":{"line":52,"column":4},"end":{"line":52,"column":59}},"26":{"start":{"line":53,"column":4},"end":{"line":53,"column":42}},"27":{"start":{"line":54,"column":4},"end":{"line":54,"column":48}},"28":{"start":{"line":56,"column":4},"end":{"line":58,"column":5}},"29":{"start":{"line":57,"column":6},"end":{"line":57,"column":63}},"30":{"start":{"line":60,"column":4},"end":{"line":90,"column":5}},"31":{"start":{"line":61,"column":6},"end":{"line":61,"column":21}},"32":{"start":{"line":63,"column":6},"end":{"line":65,"column":7}},"33":{"start":{"line":64,"column":8},"end":{"line":64,"column":39}},"34":{"start":{"line":67,"column":6},"end":{"line":67,"column":81}},"35":{"start":{"line":69,"column":6},"end":{"line":75,"column":7}},"36":{"start":{"line":70,"column":8},"end":{"line":70,"column":27}},"37":{"start":{"line":72,"column":8},"end":{"line":74,"column":9}},"38":{"start":{"line":73,"column":10},"end":{"line":73,"column":31}},"39":{"start":{"line":77,"column":6},"end":{"line":83,"column":7}},"40":{"start":{"line":78,"column":8},"end":{"line":78,"column":27}},"41":{"start":{"line":80,"column":8},"end":{"line":82,"column":9}},"42":{"start":{"line":81,"column":10},"end":{"line":81,"column":31}},"43":{"start":{"line":85,"column":6},"end":{"line":89,"column":7}},"44":{"start":{"line":86,"column":8},"end":{"line":86,"column":61}},"45":{"start":{"line":87,"column":8},"end":{"line":87,"column":61}},"46":{"start":{"line":88,"column":8},"end":{"line":88,"column":29}},"47":{"start":{"line":88,"column":30},"end":{"line":88,"column":52}},"48":{"start":{"line":88,"column":53},"end":{"line":88,"column":71}},"49":{"start":{"line":92,"column":4},"end":{"line":95,"column":5}},"50":{"start":{"line":93,"column":8},"end":{"line":93,"column":61}},"51":{"start":{"line":94,"column":8},"end":{"line":94,"column":61}},"52":{"start":{"line":97,"column":4},"end":{"line":101,"column":6}}},"branchMap":{"1":{"line":10,"type":"if","locations":[{"start":{"line":10,"column":2},"end":{"line":10,"column":2}},{"start":{"line":10,"column":2},"end":{"line":10,"column":2}}]},"2":{"line":69,"type":"if","locations":[{"start":{"line":69,"column":6},"end":{"line":69,"column":6}},{"start":{"line":69,"column":6},"end":{"line":69,"column":6}}]},"3":{"line":72,"type":"if","locations":[{"start":{"line":72,"column":8},"end":{"line":72,"column":8}},{"start":{"line":72,"column":8},"end":{"line":72,"column":8}}]},"4":{"line":77,"type":"if","locations":[{"start":{"line":77,"column":6},"end":{"line":77,"column":6}},{"start":{"line":77,"column":6},"end":{"line":77,"column":6}}]},"5":{"line":80,"type":"if","locations":[{"start":{"line":80,"column":8},"end":{"line":80,"column":8}},{"start":{"line":80,"column":8},"end":{"line":80,"column":8}}]},"6":{"line":85,"type":"if","locations":[{"start":{"line":85,"column":6},"end":{"line":85,"column":6}},{"start":{"line":85,"column":6},"end":{"line":85,"column":6}}]},"7":{"line":92,"type":"if","locations":[{"start":{"line":92,"column":4},"end":{"line":92,"column":4}},{"start":{"line":92,"column":4},"end":{"line":92,"column":4}}]}},"code":["'use strict';","","var WaveformData = require('../../waveform-data.js');","","function calculateWaveformDataLength(audio_sample_count, scale) {","  var data_length = Math.floor(audio_sample_count / scale);","","  var samples_remaining = audio_sample_count - (data_length * scale);","","  if (samples_remaining > 0) {","    data_length++;","  }","","  return data_length;","}","","/**"," * This callback is executed once the audio has been decoded by the browser and resampled by waveform-data."," *"," * @callback onAudioResampled"," * @param {WaveformData} waveform_data Waveform instance of the browser decoded audio"," * @param {AudioBuffer} audio_buffer Decoded audio buffer"," */","","/**"," * AudioBuffer-based WaveformData generator"," *"," * @param {Object.<{scale: Number, amplitude_scale: Number}>} options"," * @param {onAudioResampled} callback"," * @returns {Function.<AudioBuffer>}"," */","module.exports = function getAudioDecoder(options, callback){","  var scale = options.scale;","  var amplitude_scale = options.amplitude_scale;","","  var INT8_MAX = 127;","  var INT8_MIN = -128;","","  return function onAudioDecoded(audio_buffer) {","    var data_length = calculateWaveformDataLength(audio_buffer.length, scale);","    var header_size = 20;","    var data_object = new DataView(new ArrayBuffer(header_size + data_length * 2));","    var channels = [];","    var channel;","    var min_value = Infinity, max_value = -Infinity, scale_counter = 0;","    var buffer_length = audio_buffer.length;","    var offset = header_size;","    var i;","","    data_object.setInt32(0, 1, true);   //version","    data_object.setUint32(4, 1, true);   //is 8 bit","    data_object.setInt32(8, audio_buffer.sampleRate, true);   //sample rate","    data_object.setInt32(12, scale, true);   //scale","    data_object.setInt32(16, data_length, true);   //length","","    for (channel = 0; channel < audio_buffer.numberOfChannels; ++channel) {","      channels[channel] = audio_buffer.getChannelData(channel);","    }","","    for (i = 0; i < buffer_length; i++){","      var sample = 0;","","      for (channel = 0; channel < channels.length; ++channel) {","        sample += channels[channel][i];","      }","","      sample = Math.floor(INT8_MAX * sample * amplitude_scale / channels.length);","","      if (sample < min_value){","        min_value = sample;","","        if (min_value < INT8_MIN) {","          min_value = INT8_MIN;","        }","      }","","      if (sample > max_value){","        max_value = sample;","","        if (max_value > INT8_MAX) {","          max_value = INT8_MAX;","        }","      }","","      if (++scale_counter === scale){","        data_object.setInt8(offset++, Math.floor(min_value));","        data_object.setInt8(offset++, Math.floor(max_value));","        min_value = Infinity; max_value = -Infinity; scale_counter = 0;","      }","    }","","    if (scale_counter > 0) {","        data_object.setInt8(offset++, Math.floor(min_value));","        data_object.setInt8(offset++, Math.floor(max_value));","    }","","    callback(","      null,","      new WaveformData(data_object.buffer, WaveformData.adapters.arraybuffer),","      audio_buffer","    );","  };","};",""],"l":{"3":1,"5":1,"6":0,"8":0,"10":0,"11":0,"14":0,"32":1,"33":0,"34":0,"36":0,"37":0,"39":0,"40":0,"41":0,"42":0,"43":0,"44":0,"45":0,"46":0,"47":0,"48":0,"50":0,"51":0,"52":0,"53":0,"54":0,"56":0,"57":0,"60":0,"61":0,"63":0,"64":0,"67":0,"69":0,"70":0,"72":0,"73":0,"77":0,"78":0,"80":0,"81":0,"85":0,"86":0,"87":0,"88":0,"92":0,"93":0,"94":0,"97":0}}}